#
# There is insufficient memory for the Java Runtime Environment to continue.
# Native memory allocation (malloc) failed to allocate 2097152 bytes for AllocateHeap
# Possible reasons:
#   The system is out of physical RAM or swap space
#   The process is running with CompressedOops enabled, and the Java Heap may be blocking the growth of the native heap
# Possible solutions:
#   Reduce memory load on the system
#   Increase physical memory or swap space
#   Check if swap backing store is full
#   Decrease Java heap size (-Xmx/-Xms)
#   Decrease number of Java threads
#   Decrease Java thread stack sizes (-Xss)
#   Set larger code cache with -XX:ReservedCodeCacheSize=
#   JVM is running with Unscaled Compressed Oops mode in which the Java heap is
#     placed in the first 4GB address space. The Java Heap base address is the
#     maximum limit for the native heap growth. Please use -XX:HeapBaseMinAddress
#     to set the Java Heap base and to place the Java Heap above 4GB virtual address.
# This output file may be truncated or incomplete.
#
#  Out of Memory Error (allocation.cpp:44), pid=21096, tid=18124
#
# JRE version: OpenJDK Runtime Environment Temurin-17.0.7+7 (17.0.7+7) (build 17.0.7+7)
# Java VM: OpenJDK 64-Bit Server VM Temurin-17.0.7+7 (17.0.7+7, mixed mode, emulated-client, tiered, compressed oops, compressed class ptrs, g1 gc, windows-amd64)
# No core dump will be written. Minidumps are not enabled by default on client versions of Windows
#

---------------  S U M M A R Y ------------

Command Line: -XX:+HeapDumpOnOutOfMemoryError -Xmx1024m -Dsts.lsp.client=vscode -Dsts.log.file=/dev/null -XX:TieredStopAtLevel=1 -Xlog:jni+resolve=off -Dspring.config.location=file:c:\Users\HP\.vscode\extensions\vmware.vscode-spring-boot-1.46.0\language-server\BOOT-INF\classes\application.properties org.springframework.ide.vscode.boot.app.BootLanguageServerBootApp

Host: AMD Ryzen 5 3500U with Radeon Vega Mobile Gfx  , 8 cores, 5G,  Windows 10 , 64 bit Build 19041 (10.0.19041.2913)
Time: Tue May 16 18:00:12 2023 India Standard Time elapsed time: 111399.250659 seconds (1d 6h 56m 39s)

---------------  T H R E A D  ---------------

Current thread (0x000001382c766ec0):  VMThread "VM Thread" [stack: 0x0000000f96e00000,0x0000000f96f00000] [id=18124]

Stack: [0x0000000f96e00000,0x0000000f96f00000]
Native frames: (J=compiled Java code, j=interpreted, Vv=VM code, C=native code)
V  [jvm.dll+0x67754a]
V  [jvm.dll+0x834304]
V  [jvm.dll+0x835aae]
V  [jvm.dll+0x836113]
V  [jvm.dll+0x24696f]
V  [jvm.dll+0xa681f]
V  [jvm.dll+0x2f7481]
V  [jvm.dll+0x2f30f0]
V  [jvm.dll+0x2db6c7]
V  [jvm.dll+0x31e777]
V  [jvm.dll+0x83a5bb]
V  [jvm.dll+0x83b2f4]
V  [jvm.dll+0x83b80c]
V  [jvm.dll+0x83bbe4]
V  [jvm.dll+0x83bcb0]
V  [jvm.dll+0x7e4e7a]
V  [jvm.dll+0x676395]
C  [ucrtbase.dll+0x21bb2]
C  [KERNEL32.DLL+0x17614]
C  [ntdll.dll+0x526a1]

VM_Operation (0x0000000f987ff000): G1CollectFull, mode: safepoint, requested by thread 0x0000013831f80290


---------------  P R O C E S S  ---------------

Threads class SMR info:
_java_thread_list=0x0000013833721b20, length=24, elements={
0x000001382c77b740, 0x000001382c77c830, 0x000001382c8e91a0, 0x000001382c8ea010,
0x000001382c8ebbd0, 0x000001382c8ecb90, 0x000001382c79e100, 0x000001382c79ea00,
0x000001382cad5980, 0x000001382cae2600, 0x0000013831f40850, 0x0000013831f41220,
0x0000013831f80290, 0x0000013831fc8000, 0x0000013821952110, 0x0000013831fc94e0,
0x00000138320be390, 0x00000138320de8c0, 0x00000138322d9df0, 0x00000138322deaf0,
0x00000138322df960, 0x00000138322dbfa0, 0x00000138322e1640, 0x00000138322dc940
}

Java Threads: ( => current thread )
  0x000001382c77b740 JavaThread "Reference Handler" daemon [_thread_blocked, id=17824, stack(0x0000000f96f00000,0x0000000f97000000)]
  0x000001382c77c830 JavaThread "Finalizer" daemon [_thread_blocked, id=5592, stack(0x0000000f97000000,0x0000000f97100000)]
  0x000001382c8e91a0 JavaThread "Signal Dispatcher" daemon [_thread_blocked, id=13568, stack(0x0000000f97100000,0x0000000f97200000)]
  0x000001382c8ea010 JavaThread "Attach Listener" daemon [_thread_blocked, id=2004, stack(0x0000000f97200000,0x0000000f97300000)]
  0x000001382c8ebbd0 JavaThread "Service Thread" daemon [_thread_blocked, id=17180, stack(0x0000000f97300000,0x0000000f97400000)]
  0x000001382c8ecb90 JavaThread "Monitor Deflation Thread" daemon [_thread_blocked, id=19056, stack(0x0000000f97400000,0x0000000f97500000)]
  0x000001382c79e100 JavaThread "C1 CompilerThread0" daemon [_thread_blocked, id=16380, stack(0x0000000f97500000,0x0000000f97600000)]
  0x000001382c79ea00 JavaThread "Sweeper thread" daemon [_thread_blocked, id=21052, stack(0x0000000f97600000,0x0000000f97700000)]
  0x000001382cad5980 JavaThread "Notification Thread" daemon [_thread_blocked, id=21060, stack(0x0000000f97800000,0x0000000f97900000)]
  0x000001382cae2600 JavaThread "Common-Cleaner" daemon [_thread_blocked, id=18636, stack(0x0000000f97a00000,0x0000000f97b00000)]
  0x0000013831f40850 JavaThread "boundedElastic-evictor-1" daemon [_thread_blocked, id=21196, stack(0x0000000f97f00000,0x0000000f98000000)]
  0x0000013831f41220 JavaThread "boundedElastic-evictor-2" daemon [_thread_blocked, id=18472, stack(0x0000000f98600000,0x0000000f98700000)]
  0x0000013831f80290 JavaThread "pool-10-thread-1" [_thread_blocked, id=20808, stack(0x0000000f98700000,0x0000000f98800000)]
  0x0000013831fc8000 JavaThread "LanguageServerApp-lifecycle" [_thread_blocked, id=20916, stack(0x0000000f98800000,0x0000000f98900000)]
  0x0000013821952110 JavaThread "DestroyJavaVM" [_thread_blocked, id=20944, stack(0x0000000f96800000,0x0000000f96900000)]
  0x0000013831fc94e0 JavaThread "pool-11-thread-1" [_thread_in_native, id=20876, stack(0x0000000f98900000,0x0000000f98a00000)]
  0x00000138320be390 JavaThread "Simple-Language-Server main thread" daemon [_thread_blocked, id=20872, stack(0x0000000f98a00000,0x0000000f98b00000)]
  0x00000138320de8c0 JavaThread "pool-6-thread-1" [_thread_blocked, id=20920, stack(0x0000000f98e00000,0x0000000f98f00000)]
  0x00000138322d9df0 JavaThread "parallel-1" daemon [_thread_blocked, id=19616, stack(0x0000000f99e00000,0x0000000f99f00000)]
  0x00000138322deaf0 JavaThread "pool-4-thread-1" [_thread_blocked, id=19684, stack(0x0000000f9a300000,0x0000000f9a400000)]
  0x00000138322df960 JavaThread "parallel-2" daemon [_thread_blocked, id=20592, stack(0x0000000f9a400000,0x0000000f9a500000)]
  0x00000138322dbfa0 JavaThread "parallel-3" daemon [_thread_blocked, id=17108, stack(0x0000000f98000000,0x0000000f98100000)]
  0x00000138322e1640 JavaThread "parallel-4" daemon [_thread_blocked, id=11096, stack(0x0000000f98400000,0x0000000f98500000)]
  0x00000138322dc940 JavaThread "Reconciler-1" daemon [_thread_blocked, id=20512, stack(0x0000000f99000000,0x0000000f99100000)]

Other Threads:
=>0x000001382c766ec0 VMThread "VM Thread" [stack: 0x0000000f96e00000,0x0000000f96f00000] [id=18124]
  0x00000138219a1f10 WatcherThread [stack: 0x0000000f97900000,0x0000000f97a00000] [id=16352]
  0x0000013821991ca0 GCTaskThread "GC Thread#0" [stack: 0x0000000f96900000,0x0000000f96a00000] [id=18612]
  0x00000138317bf9f0 GCTaskThread "GC Thread#1" [stack: 0x0000000f97b00000,0x0000000f97c00000] [id=16896]
  0x00000138317b35d0 GCTaskThread "GC Thread#2" [stack: 0x0000000f97c00000,0x0000000f97d00000] [id=8696]
  0x00000138317c5750 GCTaskThread "GC Thread#3" [stack: 0x0000000f97d00000,0x0000000f97e00000] [id=13728]
  0x00000138317c5e10 GCTaskThread "GC Thread#4" [stack: 0x0000000f97e00000,0x0000000f97f00000] [id=1128]
  0x0000013831a1b860 GCTaskThread "GC Thread#5" [stack: 0x0000000f98100000,0x0000000f98200000] [id=5684]
  0x00000138319feb00 GCTaskThread "GC Thread#6" [stack: 0x0000000f98200000,0x0000000f98300000] [id=21344]
  0x0000013831a3b560 GCTaskThread "GC Thread#7" [stack: 0x0000000f98300000,0x0000000f98400000] [id=9180]
  0x000001382199abe0 ConcurrentGCThread "G1 Main Marker" [stack: 0x0000000f96a00000,0x0000000f96b00000] [id=18768]
  0x000001382199bd90 ConcurrentGCThread "G1 Conc#0" [stack: 0x0000000f96b00000,0x0000000f96c00000] [id=13024]
  0x0000013831c1f3a0 ConcurrentGCThread "G1 Conc#1" [stack: 0x0000000f98500000,0x0000000f98600000] [id=18648]
  0x0000013821a16f20 ConcurrentGCThread "G1 Refine#0" [stack: 0x0000000f96c00000,0x0000000f96d00000] [id=18872]
  0x00000138321728f0 ConcurrentGCThread "G1 Refine#1" [stack: 0x0000000f9a500000,0x0000000f9a600000] [id=20728]
  0x00000138327045f0 ConcurrentGCThread "G1 Refine#2" [stack: 0x0000000f9a600000,0x0000000f9a700000] [id=20664]
  0x00000138334e03e0 ConcurrentGCThread "G1 Refine#3" [stack: 0x0000000f9ab00000,0x0000000f9ac00000] [id=20820]
  0x00000138334e0100 ConcurrentGCThread "G1 Refine#4" [stack: 0x0000000f9ac00000,0x0000000f9ad00000] [id=21468]
  0x00000138334e09a0 ConcurrentGCThread "G1 Refine#5" [stack: 0x0000000f9af00000,0x0000000f9b000000] [id=13184]
  0x0000013821a17940 ConcurrentGCThread "G1 Service" [stack: 0x0000000f96d00000,0x0000000f96e00000] [id=18996]

Threads with active compile tasks:

VM state: at safepoint (normal execution)

VM Mutex/Monitor currently owned by a thread:  ([mutex/lock_event])
[0x000001381f82c680] Threads_lock - owner thread: 0x000001382c766ec0
[0x000001382194f9c0] Heap_lock - owner thread: 0x0000013831f80290

Heap address: 0x00000000c0000000, size: 1024 MB, Compressed Oops mode: 32-bit

CDS archive(s) not mapped
Compressed class space mapped at: 0x0000000100000000-0x0000000140000000, reserved size: 1073741824
Narrow klass base: 0x0000000000000000, Narrow klass shift: 3, Narrow klass range: 0x140000000

GC Precious Log:
 CPUs: 8 total, 8 available
 Memory: 6061M
 Large Page Support: Disabled
 NUMA Support: Disabled
 Compressed Oops: Enabled (32-bit)
 Heap Region Size: 1M
 Heap Min Capacity: 8M
 Heap Initial Capacity: 96M
 Heap Max Capacity: 1G
 Pre-touch: Disabled
 Parallel Workers: 8
 Concurrent Workers: 2
 Concurrent Refinement Workers: 8
 Periodic GC: Disabled

Heap:
 garbage-first heap   total 296960K, used 87817K [0x00000000c0000000, 0x0000000100000000)
  region size 1024K, 1 young (1024K), 0 survivors (0K)
 Metaspace       used 71112K, committed 71872K, reserved 1114112K
  class space    used 9738K, committed 10048K, reserved 1048576K

Heap Regions: E=young(eden), S=young(survivor), O=old, HS=humongous(starts), HC=humongous(continues), CS=collection set, F=free, OA=open archive, CA=closed archive, TAMS=top-at-mark-start (previous, next)
|   0|0x00000000c0000000, 0x00000000c00fffe8, 0x00000000c0100000| 99%| O|  |TAMS 0x00000000c00fffe8, 0x00000000c0000000| Untracked 
|   1|0x00000000c0100000, 0x00000000c0200000, 0x00000000c0200000|100%| O|  |TAMS 0x00000000c0200000, 0x00000000c0100000| Untracked 
|   2|0x00000000c0200000, 0x00000000c02fffe0, 0x00000000c0300000| 99%| O|  |TAMS 0x00000000c02fffe0, 0x00000000c0200000| Untracked 
|   3|0x00000000c0300000, 0x00000000c0400000, 0x00000000c0400000|100%| O|  |TAMS 0x00000000c0400000, 0x00000000c0300000| Untracked 
|   4|0x00000000c0400000, 0x00000000c0500000, 0x00000000c0500000|100%| O|  |TAMS 0x00000000c0500000, 0x00000000c0400000| Untracked 
|   5|0x00000000c0500000, 0x00000000c05ffff8, 0x00000000c0600000| 99%| O|  |TAMS 0x00000000c05ffff8, 0x00000000c0500000| Untracked 
|   6|0x00000000c0600000, 0x00000000c0700000, 0x00000000c0700000|100%| O|  |TAMS 0x00000000c0700000, 0x00000000c0600000| Untracked 
|   7|0x00000000c0700000, 0x00000000c07ffff0, 0x00000000c0800000| 99%| O|  |TAMS 0x00000000c07ffff0, 0x00000000c0700000| Untracked 
|   8|0x00000000c0800000, 0x00000000c08ffff8, 0x00000000c0900000| 99%| O|  |TAMS 0x00000000c08ffff8, 0x00000000c0800000| Untracked 
|   9|0x00000000c0900000, 0x00000000c09fffd8, 0x00000000c0a00000| 99%| O|  |TAMS 0x00000000c09fffd8, 0x00000000c0900000| Untracked 
|  10|0x00000000c0a00000, 0x00000000c0afffe0, 0x00000000c0b00000| 99%| O|  |TAMS 0x00000000c0afffe0, 0x00000000c0a00000| Untracked 
|  11|0x00000000c0b00000, 0x00000000c0bfffc0, 0x00000000c0c00000| 99%| O|  |TAMS 0x00000000c0bfffc0, 0x00000000c0b00000| Untracked 
|  12|0x00000000c0c00000, 0x00000000c0cfffe8, 0x00000000c0d00000| 99%| O|  |TAMS 0x00000000c0cfffe8, 0x00000000c0c00000| Untracked 
|  13|0x00000000c0d00000, 0x00000000c0dfffd0, 0x00000000c0e00000| 99%| O|  |TAMS 0x00000000c0dfffd0, 0x00000000c0d00000| Untracked 
|  14|0x00000000c0e00000, 0x00000000c0effff0, 0x00000000c0f00000| 99%| O|  |TAMS 0x00000000c0effff0, 0x00000000c0e00000| Untracked 
|  15|0x00000000c0f00000, 0x00000000c1000000, 0x00000000c1000000|100%| O|  |TAMS 0x00000000c1000000, 0x00000000c0f00000| Untracked 
|  16|0x00000000c1000000, 0x00000000c10ffff0, 0x00000000c1100000| 99%| O|  |TAMS 0x00000000c10ffff0, 0x00000000c1000000| Untracked 
|  17|0x00000000c1100000, 0x00000000c11ffff8, 0x00000000c1200000| 99%| O|  |TAMS 0x00000000c11ffff8, 0x00000000c1100000| Untracked 
|  18|0x00000000c1200000, 0x00000000c12fffc8, 0x00000000c1300000| 99%| O|  |TAMS 0x00000000c12fffc8, 0x00000000c1200000| Untracked 
|  19|0x00000000c1300000, 0x00000000c13fffd8, 0x00000000c1400000| 99%| O|  |TAMS 0x00000000c13fffd8, 0x00000000c1300000| Untracked 
|  20|0x00000000c1400000, 0x00000000c14fffe8, 0x00000000c1500000| 99%| O|  |TAMS 0x00000000c14fffe8, 0x00000000c1400000| Untracked 
|  21|0x00000000c1500000, 0x00000000c15fffe0, 0x00000000c1600000| 99%| O|  |TAMS 0x00000000c15fffe0, 0x00000000c1500000| Untracked 
|  22|0x00000000c1600000, 0x00000000c16fffe8, 0x00000000c1700000| 99%| O|  |TAMS 0x00000000c16fffe8, 0x00000000c1600000| Untracked 
|  23|0x00000000c1700000, 0x00000000c1800000, 0x00000000c1800000|100%| O|  |TAMS 0x00000000c1800000, 0x00000000c1700000| Untracked 
|  24|0x00000000c1800000, 0x00000000c1900000, 0x00000000c1900000|100%| O|  |TAMS 0x00000000c1900000, 0x00000000c1800000| Untracked 
|  25|0x00000000c1900000, 0x00000000c19ffff8, 0x00000000c1a00000| 99%| O|  |TAMS 0x00000000c19ffff8, 0x00000000c1900000| Untracked 
|  26|0x00000000c1a00000, 0x00000000c1b00000, 0x00000000c1b00000|100%| O|  |TAMS 0x00000000c1b00000, 0x00000000c1a00000| Untracked 
|  27|0x00000000c1b00000, 0x00000000c1bfff48, 0x00000000c1c00000| 99%| O|  |TAMS 0x00000000c1bfff48, 0x00000000c1b00000| Untracked 
|  28|0x00000000c1c00000, 0x00000000c1cffff8, 0x00000000c1d00000| 99%| O|  |TAMS 0x00000000c1cffff8, 0x00000000c1c00000| Untracked 
|  29|0x00000000c1d00000, 0x00000000c1dffff0, 0x00000000c1e00000| 99%| O|  |TAMS 0x00000000c1dffff0, 0x00000000c1d00000| Untracked 
|  30|0x00000000c1e00000, 0x00000000c1f00000, 0x00000000c1f00000|100%| O|  |TAMS 0x00000000c1f00000, 0x00000000c1e00000| Untracked 
|  31|0x00000000c1f00000, 0x00000000c1ffffe8, 0x00000000c2000000| 99%| O|  |TAMS 0x00000000c1ffffe8, 0x00000000c1f00000| Untracked 
|  32|0x00000000c2000000, 0x00000000c20ffff8, 0x00000000c2100000| 99%| O|  |TAMS 0x00000000c20ffff8, 0x00000000c2000000| Untracked 
|  33|0x00000000c2100000, 0x00000000c21fffc8, 0x00000000c2200000| 99%| O|  |TAMS 0x00000000c21fffc8, 0x00000000c2100000| Untracked 
|  34|0x00000000c2200000, 0x00000000c22ffab0, 0x00000000c2300000| 99%| O|  |TAMS 0x00000000c22ffab0, 0x00000000c2200000| Untracked 
|  35|0x00000000c2300000, 0x00000000c23fffe0, 0x00000000c2400000| 99%| O|  |TAMS 0x00000000c23fffe0, 0x00000000c2300000| Untracked 
|  36|0x00000000c2400000, 0x00000000c2500000, 0x00000000c2500000|100%| O|  |TAMS 0x00000000c2500000, 0x00000000c2400000| Untracked 
|  37|0x00000000c2500000, 0x00000000c2600000, 0x00000000c2600000|100%| O|  |TAMS 0x00000000c2600000, 0x00000000c2500000| Untracked 
|  38|0x00000000c2600000, 0x00000000c26fcb90, 0x00000000c2700000| 98%| O|  |TAMS 0x00000000c26fcb90, 0x00000000c2600000| Untracked 
|  39|0x00000000c2700000, 0x00000000c27ffcf8, 0x00000000c2800000| 99%| O|  |TAMS 0x00000000c27ffcf8, 0x00000000c2700000| Untracked 
|  40|0x00000000c2800000, 0x00000000c2900000, 0x00000000c2900000|100%|HS|  |TAMS 0x00000000c2900000, 0x00000000c2800000| Untracked 
|  41|0x00000000c2900000, 0x00000000c29ffff8, 0x00000000c2a00000| 99%| O|  |TAMS 0x00000000c29ffff8, 0x00000000c2900000| Untracked 
|  42|0x00000000c2a00000, 0x00000000c2afffd0, 0x00000000c2b00000| 99%| O|  |TAMS 0x00000000c2afffd0, 0x00000000c2a00000| Untracked 
|  43|0x00000000c2b00000, 0x00000000c2bfffb0, 0x00000000c2c00000| 99%| O|  |TAMS 0x00000000c2bfffb0, 0x00000000c2b00000| Untracked 
|  44|0x00000000c2c00000, 0x00000000c2cfffc0, 0x00000000c2d00000| 99%| O|  |TAMS 0x00000000c2cfffc0, 0x00000000c2c00000| Untracked 
|  45|0x00000000c2d00000, 0x00000000c2df5698, 0x00000000c2e00000| 95%| O|  |TAMS 0x00000000c2df5698, 0x00000000c2d00000| Untracked 
|  46|0x00000000c2e00000, 0x00000000c2effff0, 0x00000000c2f00000| 99%| O|  |TAMS 0x00000000c2effff0, 0x00000000c2e00000| Untracked 
|  47|0x00000000c2f00000, 0x00000000c3000000, 0x00000000c3000000|100%| O|  |TAMS 0x00000000c3000000, 0x00000000c2f00000| Untracked 
|  48|0x00000000c3000000, 0x00000000c30ffff0, 0x00000000c3100000| 99%| O|  |TAMS 0x00000000c30ffff0, 0x00000000c3000000| Untracked 
|  49|0x00000000c3100000, 0x00000000c31ffff0, 0x00000000c3200000| 99%| O|  |TAMS 0x00000000c31ffff0, 0x00000000c3100000| Untracked 
|  50|0x00000000c3200000, 0x00000000c32fff98, 0x00000000c3300000| 99%| O|  |TAMS 0x00000000c32fff98, 0x00000000c3200000| Untracked 
|  51|0x00000000c3300000, 0x00000000c33fff98, 0x00000000c3400000| 99%| O|  |TAMS 0x00000000c33fff98, 0x00000000c3300000| Untracked 
|  52|0x00000000c3400000, 0x00000000c34ffff8, 0x00000000c3500000| 99%| O|  |TAMS 0x00000000c34ffff8, 0x00000000c3400000| Untracked 
|  53|0x00000000c3500000, 0x00000000c35fffa8, 0x00000000c3600000| 99%| O|  |TAMS 0x00000000c35fffa8, 0x00000000c3500000| Untracked 
|  54|0x00000000c3600000, 0x00000000c36f9fa8, 0x00000000c3700000| 97%| O|  |TAMS 0x00000000c36f9fa8, 0x00000000c3600000| Untracked 
|  55|0x00000000c3700000, 0x00000000c37fffd0, 0x00000000c3800000| 99%| O|  |TAMS 0x00000000c37fffd0, 0x00000000c3700000| Untracked 
|  56|0x00000000c3800000, 0x00000000c38fffe8, 0x00000000c3900000| 99%| O|  |TAMS 0x00000000c38fffe8, 0x00000000c3800000| Untracked 
|  57|0x00000000c3900000, 0x00000000c39f6a48, 0x00000000c3a00000| 96%| O|  |TAMS 0x00000000c39f6a48, 0x00000000c3900000| Untracked 
|  58|0x00000000c3a00000, 0x00000000c3affff0, 0x00000000c3b00000| 99%| O|  |TAMS 0x00000000c3affff0, 0x00000000c3a00000| Untracked 
|  59|0x00000000c3b00000, 0x00000000c3c00000, 0x00000000c3c00000|100%| O|  |TAMS 0x00000000c3c00000, 0x00000000c3b00000| Untracked 
|  60|0x00000000c3c00000, 0x00000000c3cffff0, 0x00000000c3d00000| 99%| O|  |TAMS 0x00000000c3cffff0, 0x00000000c3c00000| Untracked 
|  61|0x00000000c3d00000, 0x00000000c3dffff8, 0x00000000c3e00000| 99%| O|  |TAMS 0x00000000c3dffff8, 0x00000000c3d00000| Untracked 
|  62|0x00000000c3e00000, 0x00000000c3efffd0, 0x00000000c3f00000| 99%| O|  |TAMS 0x00000000c3efffd0, 0x00000000c3e00000| Untracked 
|  63|0x00000000c3f00000, 0x00000000c3fffff8, 0x00000000c4000000| 99%| O|  |TAMS 0x00000000c3fffff8, 0x00000000c3f00000| Untracked 
|  64|0x00000000c4000000, 0x00000000c40fffd8, 0x00000000c4100000| 99%| O|  |TAMS 0x00000000c40fffd8, 0x00000000c4000000| Untracked 
|  65|0x00000000c4100000, 0x00000000c41fffc0, 0x00000000c4200000| 99%| O|  |TAMS 0x00000000c41fffc0, 0x00000000c4100000| Untracked 
|  66|0x00000000c4200000, 0x00000000c42fffa0, 0x00000000c4300000| 99%| O|  |TAMS 0x00000000c42fffa0, 0x00000000c4200000| Untracked 
|  67|0x00000000c4300000, 0x00000000c4400000, 0x00000000c4400000|100%| O|  |TAMS 0x00000000c4400000, 0x00000000c4300000| Untracked 
|  68|0x00000000c4400000, 0x00000000c44ffff8, 0x00000000c4500000| 99%| O|  |TAMS 0x00000000c44ffff8, 0x00000000c4400000| Untracked 
|  69|0x00000000c4500000, 0x00000000c45fc0f0, 0x00000000c4600000| 98%| O|  |TAMS 0x00000000c45fc0f0, 0x00000000c4500000| Untracked 
|  70|0x00000000c4600000, 0x00000000c4700000, 0x00000000c4700000|100%| O|  |TAMS 0x00000000c4700000, 0x00000000c4600000| Untracked 
|  71|0x00000000c4700000, 0x00000000c47d7678, 0x00000000c4800000| 84%| O|  |TAMS 0x00000000c4700000, 0x00000000c4700000| Untracked 
|  72|0x00000000c4800000, 0x00000000c48fffd0, 0x00000000c4900000| 99%| O|  |TAMS 0x00000000c48fffd0, 0x00000000c4800000| Untracked 
|  73|0x00000000c4900000, 0x00000000c490d320, 0x00000000c4a00000|  5%| O|  |TAMS 0x00000000c4900000, 0x00000000c4900000| Untracked 
|  74|0x00000000c4a00000, 0x00000000c4a00000, 0x00000000c4b00000|  0%| F|  |TAMS 0x00000000c4a00000, 0x00000000c4a00000| Untracked 
|  75|0x00000000c4b00000, 0x00000000c4b00000, 0x00000000c4c00000|  0%| F|  |TAMS 0x00000000c4b00000, 0x00000000c4b00000| Untracked 
|  76|0x00000000c4c00000, 0x00000000c4cffff0, 0x00000000c4d00000| 99%| O|  |TAMS 0x00000000c4cffff0, 0x00000000c4c00000| Untracked 
|  77|0x00000000c4d00000, 0x00000000c4d00000, 0x00000000c4e00000|  0%| F|  |TAMS 0x00000000c4d00000, 0x00000000c4d00000| Untracked 
|  78|0x00000000c4e00000, 0x00000000c4f00000, 0x00000000c4f00000|100%| O|  |TAMS 0x00000000c4f00000, 0x00000000c4e00000| Untracked 
|  79|0x00000000c4f00000, 0x00000000c4ffffe0, 0x00000000c5000000| 99%| O|  |TAMS 0x00000000c4ffffe0, 0x00000000c4f00000| Untracked 
|  80|0x00000000c5000000, 0x00000000c5000000, 0x00000000c5100000|  0%| F|  |TAMS 0x00000000c5000000, 0x00000000c5000000| Untracked 
|  81|0x00000000c5100000, 0x00000000c5100000, 0x00000000c5200000|  0%| F|  |TAMS 0x00000000c5100000, 0x00000000c5100000| Untracked 
|  82|0x00000000c5200000, 0x00000000c5200000, 0x00000000c5300000|  0%| F|  |TAMS 0x00000000c5200000, 0x00000000c5200000| Untracked 
|  83|0x00000000c5300000, 0x00000000c5300000, 0x00000000c5400000|  0%| F|  |TAMS 0x00000000c5300000, 0x00000000c5300000| Untracked 
|  84|0x00000000c5400000, 0x00000000c54fffd0, 0x00000000c5500000| 99%| O|  |TAMS 0x00000000c54fffd0, 0x00000000c5400000| Untracked 
|  85|0x00000000c5500000, 0x00000000c5500000, 0x00000000c5600000|  0%| F|  |TAMS 0x00000000c5500000, 0x00000000c5500000| Untracked 
|  86|0x00000000c5600000, 0x00000000c5600000, 0x00000000c5700000|  0%| F|  |TAMS 0x00000000c5600000, 0x00000000c5600000| Untracked 
|  87|0x00000000c5700000, 0x00000000c5700000, 0x00000000c5800000|  0%| F|  |TAMS 0x00000000c5700000, 0x00000000c5700000| Untracked 
|  88|0x00000000c5800000, 0x00000000c5800000, 0x00000000c5900000|  0%| F|  |TAMS 0x00000000c5800000, 0x00000000c5800000| Untracked 
|  89|0x00000000c5900000, 0x00000000c5900000, 0x00000000c5a00000|  0%| F|  |TAMS 0x00000000c5900000, 0x00000000c5900000| Untracked 
|  90|0x00000000c5a00000, 0x00000000c5a00000, 0x00000000c5b00000|  0%| F|  |TAMS 0x00000000c5a00000, 0x00000000c5a00000| Untracked 
|  91|0x00000000c5b00000, 0x00000000c5bfffd8, 0x00000000c5c00000| 99%| O|  |TAMS 0x00000000c5bfffd8, 0x00000000c5b00000| Untracked 
|  92|0x00000000c5c00000, 0x00000000c5c00000, 0x00000000c5d00000|  0%| F|  |TAMS 0x00000000c5c00000, 0x00000000c5c00000| Untracked 
|  93|0x00000000c5d00000, 0x00000000c5d00000, 0x00000000c5e00000|  0%| F|  |TAMS 0x00000000c5d00000, 0x00000000c5d00000| Untracked 
|  94|0x00000000c5e00000, 0x00000000c5e00088, 0x00000000c5f00000|  0%| O|  |TAMS 0x00000000c5e00000, 0x00000000c5e00000| Untracked 
|  95|0x00000000c5f00000, 0x00000000c5f00000, 0x00000000c6000000|  0%| F|  |TAMS 0x00000000c5f00000, 0x00000000c5f00000| Untracked 
|  96|0x00000000c6000000, 0x00000000c6000000, 0x00000000c6100000|  0%| F|  |TAMS 0x00000000c6000000, 0x00000000c6000000| Untracked 
|  97|0x00000000c6100000, 0x00000000c6100000, 0x00000000c6200000|  0%| F|  |TAMS 0x00000000c6100000, 0x00000000c6100000| Untracked 
|  98|0x00000000c6200000, 0x00000000c6200000, 0x00000000c6300000|  0%| F|  |TAMS 0x00000000c6200000, 0x00000000c6200000| Untracked 
|  99|0x00000000c6300000, 0x00000000c6300000, 0x00000000c6400000|  0%| F|  |TAMS 0x00000000c6300000, 0x00000000c6300000| Untracked 
| 100|0x00000000c6400000, 0x00000000c6400000, 0x00000000c6500000|  0%| F|  |TAMS 0x00000000c6400000, 0x00000000c6400000| Untracked 
| 101|0x00000000c6500000, 0x00000000c6500000, 0x00000000c6600000|  0%| F|  |TAMS 0x00000000c6500000, 0x00000000c6500000| Untracked 
| 102|0x00000000c6600000, 0x00000000c6700000, 0x00000000c6700000|100%| O|  |TAMS 0x00000000c6700000, 0x00000000c6600000| Untracked 
| 103|0x00000000c6700000, 0x00000000c6700000, 0x00000000c6800000|  0%| F|  |TAMS 0x00000000c6700000, 0x00000000c6700000| Untracked 
| 104|0x00000000c6800000, 0x00000000c6800000, 0x00000000c6900000|  0%| F|  |TAMS 0x00000000c6800000, 0x00000000c6800000| Untracked 
| 105|0x00000000c6900000, 0x00000000c6900000, 0x00000000c6a00000|  0%| F|  |TAMS 0x00000000c6900000, 0x00000000c6900000| Untracked 
| 106|0x00000000c6a00000, 0x00000000c6a00000, 0x00000000c6b00000|  0%| F|  |TAMS 0x00000000c6a00000, 0x00000000c6a00000| Untracked 
| 107|0x00000000c6b00000, 0x00000000c6b00000, 0x00000000c6c00000|  0%| F|  |TAMS 0x00000000c6b00000, 0x00000000c6b00000| Untracked 
| 108|0x00000000c6c00000, 0x00000000c6c00000, 0x00000000c6d00000|  0%| F|  |TAMS 0x00000000c6c00000, 0x00000000c6c00000| Untracked 
| 109|0x00000000c6d00000, 0x00000000c6d00000, 0x00000000c6e00000|  0%| F|  |TAMS 0x00000000c6d00000, 0x00000000c6d00000| Untracked 
| 110|0x00000000c6e00000, 0x00000000c6e00000, 0x00000000c6f00000|  0%| F|  |TAMS 0x00000000c6e00000, 0x00000000c6e00000| Untracked 
| 111|0x00000000c6f00000, 0x00000000c7000000, 0x00000000c7000000|100%|HS|  |TAMS 0x00000000c7000000, 0x00000000c6f00000| Untracked 
| 112|0x00000000c7000000, 0x00000000c7100000, 0x00000000c7100000|100%|HC|  |TAMS 0x00000000c7100000, 0x00000000c7000000| Untracked 
| 113|0x00000000c7100000, 0x00000000c7200000, 0x00000000c7200000|100%|HC|  |TAMS 0x00000000c7200000, 0x00000000c7100000| Untracked 
| 114|0x00000000c7200000, 0x00000000c7200000, 0x00000000c7300000|  0%| F|  |TAMS 0x00000000c7200000, 0x00000000c7200000| Untracked 
| 115|0x00000000c7300000, 0x00000000c7300000, 0x00000000c7400000|  0%| F|  |TAMS 0x00000000c7300000, 0x00000000c7300000| Untracked 
| 116|0x00000000c7400000, 0x00000000c7400000, 0x00000000c7500000|  0%| F|  |TAMS 0x00000000c7400000, 0x00000000c7400000| Untracked 
| 117|0x00000000c7500000, 0x00000000c7500000, 0x00000000c7600000|  0%| F|  |TAMS 0x00000000c7500000, 0x00000000c7500000| Untracked 
| 118|0x00000000c7600000, 0x00000000c76fffb0, 0x00000000c7700000| 99%| O|  |TAMS 0x00000000c76fffb0, 0x00000000c7600000| Untracked 
| 119|0x00000000c7700000, 0x00000000c7700000, 0x00000000c7800000|  0%| F|  |TAMS 0x00000000c7700000, 0x00000000c7700000| Untracked 
| 120|0x00000000c7800000, 0x00000000c7800000, 0x00000000c7900000|  0%| F|  |TAMS 0x00000000c7800000, 0x00000000c7800000| Untracked 
| 121|0x00000000c7900000, 0x00000000c79fffe0, 0x00000000c7a00000| 99%| O|  |TAMS 0x00000000c79fffe0, 0x00000000c7900000| Untracked 
| 122|0x00000000c7a00000, 0x00000000c7a00000, 0x00000000c7b00000|  0%| F|  |TAMS 0x00000000c7a00000, 0x00000000c7a00000| Untracked 
| 123|0x00000000c7b00000, 0x00000000c7b00000, 0x00000000c7c00000|  0%| F|  |TAMS 0x00000000c7b00000, 0x00000000c7b00000| Untracked 
| 124|0x00000000c7c00000, 0x00000000c7c00000, 0x00000000c7d00000|  0%| F|  |TAMS 0x00000000c7c00000, 0x00000000c7c00000| Untracked 
| 125|0x00000000c7d00000, 0x00000000c7d00000, 0x00000000c7e00000|  0%| F|  |TAMS 0x00000000c7d00000, 0x00000000c7d00000| Untracked 
| 126|0x00000000c7e00000, 0x00000000c7e00000, 0x00000000c7f00000|  0%| F|  |TAMS 0x00000000c7e00000, 0x00000000c7e00000| Untracked 
| 127|0x00000000c7f00000, 0x00000000c8000000, 0x00000000c8000000|100%| O|  |TAMS 0x00000000c8000000, 0x00000000c7f00000| Untracked 
| 128|0x00000000c8000000, 0x00000000c8000000, 0x00000000c8100000|  0%| F|  |TAMS 0x00000000c8000000, 0x00000000c8000000| Untracked 
| 129|0x00000000c8100000, 0x00000000c8100000, 0x00000000c8200000|  0%| F|  |TAMS 0x00000000c8100000, 0x00000000c8100000| Untracked 
| 130|0x00000000c8200000, 0x00000000c8200000, 0x00000000c8300000|  0%| F|  |TAMS 0x00000000c8200000, 0x00000000c8200000| Untracked 
| 131|0x00000000c8300000, 0x00000000c8300000, 0x00000000c8400000|  0%| F|  |TAMS 0x00000000c8300000, 0x00000000c8300000| Untracked 
| 132|0x00000000c8400000, 0x00000000c8400000, 0x00000000c8500000|  0%| F|  |TAMS 0x00000000c8400000, 0x00000000c8400000| Untracked 
| 133|0x00000000c8500000, 0x00000000c8500000, 0x00000000c8600000|  0%| F|  |TAMS 0x00000000c8500000, 0x00000000c8500000| Untracked 
| 134|0x00000000c8600000, 0x00000000c8600000, 0x00000000c8700000|  0%| F|  |TAMS 0x00000000c8600000, 0x00000000c8600000| Untracked 
| 135|0x00000000c8700000, 0x00000000c8700000, 0x00000000c8800000|  0%| F|  |TAMS 0x00000000c8700000, 0x00000000c8700000| Untracked 
| 136|0x00000000c8800000, 0x00000000c8800000, 0x00000000c8900000|  0%| F|  |TAMS 0x00000000c8800000, 0x00000000c8800000| Untracked 
| 137|0x00000000c8900000, 0x00000000c8900000, 0x00000000c8a00000|  0%| F|  |TAMS 0x00000000c8900000, 0x00000000c8900000| Untracked 
| 138|0x00000000c8a00000, 0x00000000c8a00000, 0x00000000c8b00000|  0%| F|  |TAMS 0x00000000c8a00000, 0x00000000c8a00000| Untracked 
| 139|0x00000000c8b00000, 0x00000000c8b00000, 0x00000000c8c00000|  0%| F|  |TAMS 0x00000000c8b00000, 0x00000000c8b00000| Untracked 
| 140|0x00000000c8c00000, 0x00000000c8c00000, 0x00000000c8d00000|  0%| F|  |TAMS 0x00000000c8c00000, 0x00000000c8c00000| Untracked 
| 141|0x00000000c8d00000, 0x00000000c8d00000, 0x00000000c8e00000|  0%| F|  |TAMS 0x00000000c8d00000, 0x00000000c8d00000| Untracked 
| 142|0x00000000c8e00000, 0x00000000c8e00000, 0x00000000c8f00000|  0%| F|  |TAMS 0x00000000c8e00000, 0x00000000c8e00000| Untracked 
| 143|0x00000000c8f00000, 0x00000000c8f00000, 0x00000000c9000000|  0%| F|  |TAMS 0x00000000c8f00000, 0x00000000c8f00000| Untracked 
| 144|0x00000000c9000000, 0x00000000c9000000, 0x00000000c9100000|  0%| F|  |TAMS 0x00000000c9000000, 0x00000000c9000000| Untracked 
| 145|0x00000000c9100000, 0x00000000c9100000, 0x00000000c9200000|  0%| F|  |TAMS 0x00000000c9100000, 0x00000000c9100000| Untracked 
| 146|0x00000000c9200000, 0x00000000c9200000, 0x00000000c9300000|  0%| F|  |TAMS 0x00000000c9200000, 0x00000000c9200000| Untracked 
| 147|0x00000000c9300000, 0x00000000c9300000, 0x00000000c9400000|  0%| F|  |TAMS 0x00000000c9300000, 0x00000000c9300000| Untracked 
| 148|0x00000000c9400000, 0x00000000c9400000, 0x00000000c9500000|  0%| F|  |TAMS 0x00000000c9400000, 0x00000000c9400000| Untracked 
| 149|0x00000000c9500000, 0x00000000c9500000, 0x00000000c9600000|  0%| F|  |TAMS 0x00000000c9500000, 0x00000000c9500000| Untracked 
| 150|0x00000000c9600000, 0x00000000c9600000, 0x00000000c9700000|  0%| F|  |TAMS 0x00000000c9600000, 0x00000000c9600000| Untracked 
| 151|0x00000000c9700000, 0x00000000c9700000, 0x00000000c9800000|  0%| F|  |TAMS 0x00000000c9700000, 0x00000000c9700000| Untracked 
| 152|0x00000000c9800000, 0x00000000c9800000, 0x00000000c9900000|  0%| F|  |TAMS 0x00000000c9800000, 0x00000000c9800000| Untracked 
| 153|0x00000000c9900000, 0x00000000c9900000, 0x00000000c9a00000|  0%| F|  |TAMS 0x00000000c9900000, 0x00000000c9900000| Untracked 
| 154|0x00000000c9a00000, 0x00000000c9a00000, 0x00000000c9b00000|  0%| F|  |TAMS 0x00000000c9a00000, 0x00000000c9a00000| Untracked 
| 155|0x00000000c9b00000, 0x00000000c9b00000, 0x00000000c9c00000|  0%| F|  |TAMS 0x00000000c9b00000, 0x00000000c9b00000| Untracked 
| 156|0x00000000c9c00000, 0x00000000c9c00000, 0x00000000c9d00000|  0%| F|  |TAMS 0x00000000c9c00000, 0x00000000c9c00000| Untracked 
| 157|0x00000000c9d00000, 0x00000000c9d00000, 0x00000000c9e00000|  0%| F|  |TAMS 0x00000000c9d00000, 0x00000000c9d00000| Untracked 
| 158|0x00000000c9e00000, 0x00000000c9e00000, 0x00000000c9f00000|  0%| F|  |TAMS 0x00000000c9e00000, 0x00000000c9e00000| Untracked 
| 159|0x00000000c9f00000, 0x00000000c9f00000, 0x00000000ca000000|  0%| F|  |TAMS 0x00000000c9f00000, 0x00000000c9f00000| Untracked 
| 160|0x00000000ca000000, 0x00000000ca000000, 0x00000000ca100000|  0%| F|  |TAMS 0x00000000ca000000, 0x00000000ca000000| Untracked 
| 161|0x00000000ca100000, 0x00000000ca100000, 0x00000000ca200000|  0%| F|  |TAMS 0x00000000ca100000, 0x00000000ca100000| Untracked 
| 162|0x00000000ca200000, 0x00000000ca200000, 0x00000000ca300000|  0%| F|  |TAMS 0x00000000ca200000, 0x00000000ca200000| Untracked 
| 163|0x00000000ca300000, 0x00000000ca300000, 0x00000000ca400000|  0%| F|  |TAMS 0x00000000ca300000, 0x00000000ca300000| Untracked 
| 164|0x00000000ca400000, 0x00000000ca400000, 0x00000000ca500000|  0%| F|  |TAMS 0x00000000ca400000, 0x00000000ca400000| Untracked 
| 165|0x00000000ca500000, 0x00000000ca500000, 0x00000000ca600000|  0%| F|  |TAMS 0x00000000ca500000, 0x00000000ca500000| Untracked 
| 166|0x00000000ca600000, 0x00000000ca600000, 0x00000000ca700000|  0%| F|  |TAMS 0x00000000ca600000, 0x00000000ca600000| Untracked 
| 167|0x00000000ca700000, 0x00000000ca700000, 0x00000000ca800000|  0%| F|  |TAMS 0x00000000ca700000, 0x00000000ca700000| Untracked 
| 168|0x00000000ca800000, 0x00000000ca800000, 0x00000000ca900000|  0%| F|  |TAMS 0x00000000ca800000, 0x00000000ca800000| Untracked 
| 169|0x00000000ca900000, 0x00000000ca900000, 0x00000000caa00000|  0%| F|  |TAMS 0x00000000ca900000, 0x00000000ca900000| Untracked 
| 170|0x00000000caa00000, 0x00000000caa00000, 0x00000000cab00000|  0%| F|  |TAMS 0x00000000caa00000, 0x00000000caa00000| Untracked 
| 171|0x00000000cab00000, 0x00000000cab00000, 0x00000000cac00000|  0%| F|  |TAMS 0x00000000cab00000, 0x00000000cab00000| Untracked 
| 172|0x00000000cac00000, 0x00000000cac00000, 0x00000000cad00000|  0%| F|  |TAMS 0x00000000cac00000, 0x00000000cac00000| Untracked 
| 173|0x00000000cad00000, 0x00000000cad00000, 0x00000000cae00000|  0%| F|  |TAMS 0x00000000cad00000, 0x00000000cad00000| Untracked 
| 174|0x00000000cae00000, 0x00000000cae00000, 0x00000000caf00000|  0%| F|  |TAMS 0x00000000cae00000, 0x00000000cae00000| Untracked 
| 175|0x00000000caf00000, 0x00000000caf00000, 0x00000000cb000000|  0%| F|  |TAMS 0x00000000caf00000, 0x00000000caf00000| Untracked 
| 176|0x00000000cb000000, 0x00000000cb000000, 0x00000000cb100000|  0%| F|  |TAMS 0x00000000cb000000, 0x00000000cb000000| Untracked 
| 177|0x00000000cb100000, 0x00000000cb100000, 0x00000000cb200000|  0%| F|  |TAMS 0x00000000cb100000, 0x00000000cb100000| Untracked 
| 178|0x00000000cb200000, 0x00000000cb200000, 0x00000000cb300000|  0%| F|  |TAMS 0x00000000cb200000, 0x00000000cb200000| Untracked 
| 179|0x00000000cb300000, 0x00000000cb300000, 0x00000000cb400000|  0%| F|  |TAMS 0x00000000cb300000, 0x00000000cb300000| Untracked 
| 180|0x00000000cb400000, 0x00000000cb400000, 0x00000000cb500000|  0%| F|  |TAMS 0x00000000cb400000, 0x00000000cb400000| Untracked 
| 181|0x00000000cb500000, 0x00000000cb500000, 0x00000000cb600000|  0%| F|  |TAMS 0x00000000cb500000, 0x00000000cb500000| Untracked 
| 182|0x00000000cb600000, 0x00000000cb600000, 0x00000000cb700000|  0%| F|  |TAMS 0x00000000cb600000, 0x00000000cb600000| Untracked 
| 183|0x00000000cb700000, 0x00000000cb700000, 0x00000000cb800000|  0%| F|  |TAMS 0x00000000cb700000, 0x00000000cb700000| Untracked 
| 184|0x00000000cb800000, 0x00000000cb800000, 0x00000000cb900000|  0%| F|  |TAMS 0x00000000cb800000, 0x00000000cb800000| Untracked 
| 185|0x00000000cb900000, 0x00000000cb900000, 0x00000000cba00000|  0%| F|  |TAMS 0x00000000cb900000, 0x00000000cb900000| Untracked 
| 186|0x00000000cba00000, 0x00000000cba00000, 0x00000000cbb00000|  0%| F|  |TAMS 0x00000000cba00000, 0x00000000cba00000| Untracked 
| 187|0x00000000cbb00000, 0x00000000cbb00000, 0x00000000cbc00000|  0%| F|  |TAMS 0x00000000cbb00000, 0x00000000cbb00000| Untracked 
| 188|0x00000000cbc00000, 0x00000000cbc00000, 0x00000000cbd00000|  0%| F|  |TAMS 0x00000000cbc00000, 0x00000000cbc00000| Untracked 
| 189|0x00000000cbd00000, 0x00000000cbd00000, 0x00000000cbe00000|  0%| F|  |TAMS 0x00000000cbd00000, 0x00000000cbd00000| Untracked 
| 190|0x00000000cbe00000, 0x00000000cbe00000, 0x00000000cbf00000|  0%| F|  |TAMS 0x00000000cbe00000, 0x00000000cbe00000| Untracked 
| 191|0x00000000cbf00000, 0x00000000cbf00000, 0x00000000cc000000|  0%| F|  |TAMS 0x00000000cbf00000, 0x00000000cbf00000| Untracked 
| 192|0x00000000cc000000, 0x00000000cc000000, 0x00000000cc100000|  0%| F|  |TAMS 0x00000000cc000000, 0x00000000cc000000| Untracked 
| 193|0x00000000cc100000, 0x00000000cc100000, 0x00000000cc200000|  0%| F|  |TAMS 0x00000000cc100000, 0x00000000cc100000| Untracked 
| 194|0x00000000cc200000, 0x00000000cc200000, 0x00000000cc300000|  0%| F|  |TAMS 0x00000000cc200000, 0x00000000cc200000| Untracked 
| 195|0x00000000cc300000, 0x00000000cc300000, 0x00000000cc400000|  0%| F|  |TAMS 0x00000000cc300000, 0x00000000cc300000| Untracked 
| 196|0x00000000cc400000, 0x00000000cc400000, 0x00000000cc500000|  0%| F|  |TAMS 0x00000000cc400000, 0x00000000cc400000| Untracked 
| 197|0x00000000cc500000, 0x00000000cc500000, 0x00000000cc600000|  0%| F|  |TAMS 0x00000000cc500000, 0x00000000cc500000| Untracked 
| 198|0x00000000cc600000, 0x00000000cc600000, 0x00000000cc700000|  0%| F|  |TAMS 0x00000000cc600000, 0x00000000cc600000| Untracked 
| 199|0x00000000cc700000, 0x00000000cc700000, 0x00000000cc800000|  0%| F|  |TAMS 0x00000000cc700000, 0x00000000cc700000| Untracked 
| 200|0x00000000cc800000, 0x00000000cc800000, 0x00000000cc900000|  0%| F|  |TAMS 0x00000000cc800000, 0x00000000cc800000| Untracked 
| 201|0x00000000cc900000, 0x00000000cc900000, 0x00000000cca00000|  0%| F|  |TAMS 0x00000000cc900000, 0x00000000cc900000| Untracked 
| 202|0x00000000cca00000, 0x00000000cca00000, 0x00000000ccb00000|  0%| F|  |TAMS 0x00000000cca00000, 0x00000000cca00000| Untracked 
| 203|0x00000000ccb00000, 0x00000000ccb00000, 0x00000000ccc00000|  0%| F|  |TAMS 0x00000000ccb00000, 0x00000000ccb00000| Untracked 
| 204|0x00000000ccc00000, 0x00000000ccc00000, 0x00000000ccd00000|  0%| F|  |TAMS 0x00000000ccc00000, 0x00000000ccc00000| Untracked 
| 205|0x00000000ccd00000, 0x00000000ccd00000, 0x00000000cce00000|  0%| F|  |TAMS 0x00000000ccd00000, 0x00000000ccd00000| Untracked 
| 206|0x00000000cce00000, 0x00000000cce00000, 0x00000000ccf00000|  0%| F|  |TAMS 0x00000000cce00000, 0x00000000cce00000| Untracked 
| 207|0x00000000ccf00000, 0x00000000ccf00000, 0x00000000cd000000|  0%| F|  |TAMS 0x00000000ccf00000, 0x00000000ccf00000| Untracked 
| 208|0x00000000cd000000, 0x00000000cd000000, 0x00000000cd100000|  0%| F|  |TAMS 0x00000000cd000000, 0x00000000cd000000| Untracked 
| 209|0x00000000cd100000, 0x00000000cd100000, 0x00000000cd200000|  0%| F|  |TAMS 0x00000000cd100000, 0x00000000cd100000| Untracked 
| 210|0x00000000cd200000, 0x00000000cd200000, 0x00000000cd300000|  0%| F|  |TAMS 0x00000000cd200000, 0x00000000cd200000| Untracked 
| 211|0x00000000cd300000, 0x00000000cd300000, 0x00000000cd400000|  0%| F|  |TAMS 0x00000000cd300000, 0x00000000cd300000| Untracked 
| 212|0x00000000cd400000, 0x00000000cd400000, 0x00000000cd500000|  0%| F|  |TAMS 0x00000000cd400000, 0x00000000cd400000| Untracked 
| 213|0x00000000cd500000, 0x00000000cd500000, 0x00000000cd600000|  0%| F|  |TAMS 0x00000000cd500000, 0x00000000cd500000| Untracked 
| 214|0x00000000cd600000, 0x00000000cd600000, 0x00000000cd700000|  0%| F|  |TAMS 0x00000000cd600000, 0x00000000cd600000| Untracked 
| 215|0x00000000cd700000, 0x00000000cd700000, 0x00000000cd800000|  0%| F|  |TAMS 0x00000000cd700000, 0x00000000cd700000| Untracked 
| 216|0x00000000cd800000, 0x00000000cd800000, 0x00000000cd900000|  0%| F|  |TAMS 0x00000000cd800000, 0x00000000cd800000| Untracked 
| 217|0x00000000cd900000, 0x00000000cd900000, 0x00000000cda00000|  0%| F|  |TAMS 0x00000000cd900000, 0x00000000cd900000| Untracked 
| 218|0x00000000cda00000, 0x00000000cda00000, 0x00000000cdb00000|  0%| F|  |TAMS 0x00000000cda00000, 0x00000000cda00000| Untracked 
| 219|0x00000000cdb00000, 0x00000000cdb00000, 0x00000000cdc00000|  0%| F|  |TAMS 0x00000000cdb00000, 0x00000000cdb00000| Untracked 
| 220|0x00000000cdc00000, 0x00000000cdc00000, 0x00000000cdd00000|  0%| F|  |TAMS 0x00000000cdc00000, 0x00000000cdc00000| Untracked 
| 221|0x00000000cdd00000, 0x00000000cdd00000, 0x00000000cde00000|  0%| F|  |TAMS 0x00000000cdd00000, 0x00000000cdd00000| Untracked 
| 222|0x00000000cde00000, 0x00000000cde00000, 0x00000000cdf00000|  0%| F|  |TAMS 0x00000000cde00000, 0x00000000cde00000| Untracked 
| 223|0x00000000cdf00000, 0x00000000cdf00000, 0x00000000ce000000|  0%| F|  |TAMS 0x00000000cdf00000, 0x00000000cdf00000| Untracked 
| 224|0x00000000ce000000, 0x00000000ce000000, 0x00000000ce100000|  0%| F|  |TAMS 0x00000000ce000000, 0x00000000ce000000| Untracked 
| 225|0x00000000ce100000, 0x00000000ce100000, 0x00000000ce200000|  0%| F|  |TAMS 0x00000000ce100000, 0x00000000ce100000| Untracked 
| 226|0x00000000ce200000, 0x00000000ce200000, 0x00000000ce300000|  0%| F|  |TAMS 0x00000000ce200000, 0x00000000ce200000| Untracked 
| 227|0x00000000ce300000, 0x00000000ce300000, 0x00000000ce400000|  0%| F|  |TAMS 0x00000000ce300000, 0x00000000ce300000| Untracked 
| 228|0x00000000ce400000, 0x00000000ce400000, 0x00000000ce500000|  0%| F|  |TAMS 0x00000000ce400000, 0x00000000ce400000| Untracked 
| 229|0x00000000ce500000, 0x00000000ce500000, 0x00000000ce600000|  0%| F|  |TAMS 0x00000000ce500000, 0x00000000ce500000| Untracked 
| 230|0x00000000ce600000, 0x00000000ce600000, 0x00000000ce700000|  0%| F|  |TAMS 0x00000000ce600000, 0x00000000ce600000| Untracked 
| 231|0x00000000ce700000, 0x00000000ce700000, 0x00000000ce800000|  0%| F|  |TAMS 0x00000000ce700000, 0x00000000ce700000| Untracked 
| 232|0x00000000ce800000, 0x00000000ce800000, 0x00000000ce900000|  0%| F|  |TAMS 0x00000000ce800000, 0x00000000ce800000| Untracked 
| 233|0x00000000ce900000, 0x00000000ce900000, 0x00000000cea00000|  0%| F|  |TAMS 0x00000000ce900000, 0x00000000ce900000| Untracked 
| 234|0x00000000cea00000, 0x00000000cea00000, 0x00000000ceb00000|  0%| F|  |TAMS 0x00000000cea00000, 0x00000000cea00000| Untracked 
| 235|0x00000000ceb00000, 0x00000000ceb00000, 0x00000000cec00000|  0%| F|  |TAMS 0x00000000ceb00000, 0x00000000ceb00000| Untracked 
| 236|0x00000000cec00000, 0x00000000cec00000, 0x00000000ced00000|  0%| F|  |TAMS 0x00000000cec00000, 0x00000000cec00000| Untracked 
| 237|0x00000000ced00000, 0x00000000ced00000, 0x00000000cee00000|  0%| F|  |TAMS 0x00000000ced00000, 0x00000000ced00000| Untracked 
| 238|0x00000000cee00000, 0x00000000cee00000, 0x00000000cef00000|  0%| F|  |TAMS 0x00000000cee00000, 0x00000000cee00000| Untracked 
| 239|0x00000000cef00000, 0x00000000cef00000, 0x00000000cf000000|  0%| F|  |TAMS 0x00000000cef00000, 0x00000000cef00000| Untracked 
| 240|0x00000000cf000000, 0x00000000cf000000, 0x00000000cf100000|  0%| F|  |TAMS 0x00000000cf000000, 0x00000000cf000000| Untracked 
| 241|0x00000000cf100000, 0x00000000cf100000, 0x00000000cf200000|  0%| F|  |TAMS 0x00000000cf100000, 0x00000000cf100000| Untracked 
| 242|0x00000000cf200000, 0x00000000cf200000, 0x00000000cf300000|  0%| F|  |TAMS 0x00000000cf200000, 0x00000000cf200000| Untracked 
| 243|0x00000000cf300000, 0x00000000cf300000, 0x00000000cf400000|  0%| F|  |TAMS 0x00000000cf300000, 0x00000000cf300000| Untracked 
| 244|0x00000000cf400000, 0x00000000cf400000, 0x00000000cf500000|  0%| F|  |TAMS 0x00000000cf400000, 0x00000000cf400000| Untracked 
| 245|0x00000000cf500000, 0x00000000cf500000, 0x00000000cf600000|  0%| F|  |TAMS 0x00000000cf500000, 0x00000000cf500000| Untracked 
| 246|0x00000000cf600000, 0x00000000cf600000, 0x00000000cf700000|  0%| F|  |TAMS 0x00000000cf600000, 0x00000000cf600000| Untracked 
| 247|0x00000000cf700000, 0x00000000cf700000, 0x00000000cf800000|  0%| F|  |TAMS 0x00000000cf700000, 0x00000000cf700000| Untracked 
| 248|0x00000000cf800000, 0x00000000cf800000, 0x00000000cf900000|  0%| F|  |TAMS 0x00000000cf800000, 0x00000000cf800000| Untracked 
| 249|0x00000000cf900000, 0x00000000cf900000, 0x00000000cfa00000|  0%| F|  |TAMS 0x00000000cf900000, 0x00000000cf900000| Untracked 
| 250|0x00000000cfa00000, 0x00000000cfa00000, 0x00000000cfb00000|  0%| F|  |TAMS 0x00000000cfa00000, 0x00000000cfa00000| Untracked 
| 251|0x00000000cfb00000, 0x00000000cfb00000, 0x00000000cfc00000|  0%| F|  |TAMS 0x00000000cfb00000, 0x00000000cfb00000| Untracked 
| 252|0x00000000cfc00000, 0x00000000cfc00000, 0x00000000cfd00000|  0%| F|  |TAMS 0x00000000cfc00000, 0x00000000cfc00000| Untracked 
| 253|0x00000000cfd00000, 0x00000000cfd00000, 0x00000000cfe00000|  0%| F|  |TAMS 0x00000000cfd00000, 0x00000000cfd00000| Untracked 
| 254|0x00000000cfe00000, 0x00000000cfe00000, 0x00000000cff00000|  0%| F|  |TAMS 0x00000000cfe00000, 0x00000000cfe00000| Untracked 
| 255|0x00000000cff00000, 0x00000000cff00000, 0x00000000d0000000|  0%| F|  |TAMS 0x00000000cff00000, 0x00000000cff00000| Untracked 
| 256|0x00000000d0000000, 0x00000000d0000000, 0x00000000d0100000|  0%| F|  |TAMS 0x00000000d0000000, 0x00000000d0000000| Untracked 
| 257|0x00000000d0100000, 0x00000000d0100000, 0x00000000d0200000|  0%| F|  |TAMS 0x00000000d0100000, 0x00000000d0100000| Untracked 
| 258|0x00000000d0200000, 0x00000000d0200000, 0x00000000d0300000|  0%| F|  |TAMS 0x00000000d0200000, 0x00000000d0200000| Untracked 
| 259|0x00000000d0300000, 0x00000000d0300000, 0x00000000d0400000|  0%| F|  |TAMS 0x00000000d0300000, 0x00000000d0300000| Untracked 
| 260|0x00000000d0400000, 0x00000000d0400000, 0x00000000d0500000|  0%| F|  |TAMS 0x00000000d0400000, 0x00000000d0400000| Untracked 
| 261|0x00000000d0500000, 0x00000000d0500000, 0x00000000d0600000|  0%| F|  |TAMS 0x00000000d0500000, 0x00000000d0500000| Untracked 
| 262|0x00000000d0600000, 0x00000000d0600000, 0x00000000d0700000|  0%| F|  |TAMS 0x00000000d0600000, 0x00000000d0600000| Untracked 
| 263|0x00000000d0700000, 0x00000000d0700000, 0x00000000d0800000|  0%| F|  |TAMS 0x00000000d0700000, 0x00000000d0700000| Untracked 
| 264|0x00000000d0800000, 0x00000000d0800000, 0x00000000d0900000|  0%| F|  |TAMS 0x00000000d0800000, 0x00000000d0800000| Untracked 
| 265|0x00000000d0900000, 0x00000000d0900000, 0x00000000d0a00000|  0%| F|  |TAMS 0x00000000d0900000, 0x00000000d0900000| Untracked 
| 266|0x00000000d0a00000, 0x00000000d0a00000, 0x00000000d0b00000|  0%| F|  |TAMS 0x00000000d0a00000, 0x00000000d0a00000| Untracked 
| 267|0x00000000d0b00000, 0x00000000d0b00000, 0x00000000d0c00000|  0%| F|  |TAMS 0x00000000d0b00000, 0x00000000d0b00000| Untracked 
| 268|0x00000000d0c00000, 0x00000000d0c00000, 0x00000000d0d00000|  0%| F|  |TAMS 0x00000000d0c00000, 0x00000000d0c00000| Untracked 
| 269|0x00000000d0d00000, 0x00000000d0d00000, 0x00000000d0e00000|  0%| F|  |TAMS 0x00000000d0d00000, 0x00000000d0d00000| Untracked 
| 270|0x00000000d0e00000, 0x00000000d0e00000, 0x00000000d0f00000|  0%| F|  |TAMS 0x00000000d0e00000, 0x00000000d0e00000| Untracked 
| 271|0x00000000d0f00000, 0x00000000d0f00000, 0x00000000d1000000|  0%| F|  |TAMS 0x00000000d0f00000, 0x00000000d0f00000| Untracked 
| 272|0x00000000d1000000, 0x00000000d1000000, 0x00000000d1100000|  0%| F|  |TAMS 0x00000000d1000000, 0x00000000d1000000| Untracked 
| 273|0x00000000d1100000, 0x00000000d1100000, 0x00000000d1200000|  0%| F|  |TAMS 0x00000000d1100000, 0x00000000d1100000| Untracked 
| 274|0x00000000d1200000, 0x00000000d1200000, 0x00000000d1300000|  0%| F|  |TAMS 0x00000000d1200000, 0x00000000d1200000| Untracked 
| 275|0x00000000d1300000, 0x00000000d1300000, 0x00000000d1400000|  0%| F|  |TAMS 0x00000000d1300000, 0x00000000d1300000| Untracked 
| 276|0x00000000d1400000, 0x00000000d1400000, 0x00000000d1500000|  0%| F|  |TAMS 0x00000000d1400000, 0x00000000d1400000| Untracked 
| 277|0x00000000d1500000, 0x00000000d1500000, 0x00000000d1600000|  0%| F|  |TAMS 0x00000000d1500000, 0x00000000d1500000| Untracked 
| 278|0x00000000d1600000, 0x00000000d1600000, 0x00000000d1700000|  0%| F|  |TAMS 0x00000000d1600000, 0x00000000d1600000| Untracked 
| 279|0x00000000d1700000, 0x00000000d1700000, 0x00000000d1800000|  0%| F|  |TAMS 0x00000000d1700000, 0x00000000d1700000| Untracked 
| 280|0x00000000d1800000, 0x00000000d1800000, 0x00000000d1900000|  0%| F|  |TAMS 0x00000000d1800000, 0x00000000d1800000| Untracked 
| 281|0x00000000d1900000, 0x00000000d1900000, 0x00000000d1a00000|  0%| F|  |TAMS 0x00000000d1900000, 0x00000000d1900000| Untracked 
| 282|0x00000000d1a00000, 0x00000000d1a00000, 0x00000000d1b00000|  0%| F|  |TAMS 0x00000000d1a00000, 0x00000000d1a00000| Untracked 
| 283|0x00000000d1b00000, 0x00000000d1b00000, 0x00000000d1c00000|  0%| F|  |TAMS 0x00000000d1b00000, 0x00000000d1b00000| Untracked 
| 284|0x00000000d1c00000, 0x00000000d1c00000, 0x00000000d1d00000|  0%| F|  |TAMS 0x00000000d1c00000, 0x00000000d1c00000| Untracked 
| 285|0x00000000d1d00000, 0x00000000d1d00000, 0x00000000d1e00000|  0%| F|  |TAMS 0x00000000d1d00000, 0x00000000d1d00000| Untracked 
| 286|0x00000000d1e00000, 0x00000000d1e00000, 0x00000000d1f00000|  0%| F|  |TAMS 0x00000000d1e00000, 0x00000000d1e00000| Untracked 
| 287|0x00000000d1f00000, 0x00000000d1f00000, 0x00000000d2000000|  0%| F|  |TAMS 0x00000000d1f00000, 0x00000000d1f00000| Untracked 
| 288|0x00000000d2000000, 0x00000000d204c778, 0x00000000d2100000| 29%| E|  |TAMS 0x00000000d2000000, 0x00000000d2000000| Complete 
| 379|0x00000000d7b00000, 0x00000000d7c00000, 0x00000000d7c00000|100%|HS|  |TAMS 0x00000000d7c00000, 0x00000000d7b00000| Untracked 

Card table byte_map: [0x00000138278f0000,0x0000013827af0000] _byte_map_base: 0x00000138272f0000

Marking Bits (Prev, Next): (CMBitMap*) 0x00000138219922f0, (CMBitMap*) 0x00000138219922b0
 Prev Bits: [0x0000013828cf0000, 0x0000013829cf0000)
 Next Bits: [0x0000013827cf0000, 0x0000013828cf0000)

Polling page: 0x000001381f950000

Metaspace:

Usage:
  Non-class:     59.93 MB used.
      Class:      9.51 MB used.
       Both:     69.45 MB used.

Virtual space:
  Non-class space:       64.00 MB reserved,      60.38 MB ( 94%) committed,  1 nodes.
      Class space:        1.00 GB reserved,       9.81 MB ( <1%) committed,  1 nodes.
             Both:        1.06 GB reserved,      70.19 MB (  6%) committed. 

Chunk freelists:
   Non-Class:  3.43 MB
       Class:  6.22 MB
        Both:  9.65 MB

MaxMetaspaceSize: unlimited
CompressedClassSpaceSize: 1.00 GB
Initial GC threshold: 21.00 MB
Current GC threshold: 117.00 MB
CDS: off
MetaspaceReclaimPolicy: balanced
 - commit_granule_bytes: 65536.
 - commit_granule_words: 8192.
 - virtual_space_node_default_size: 8388608.
 - enlarge_chunks_in_place: 1.
 - new_chunks_are_fully_committed: 0.
 - uncommit_free_chunks: 1.
 - use_allocation_guard: 0.
 - handle_deallocations: 1.


Internal statistics:

num_allocs_failed_limit: 6.
num_arena_births: 716.
num_arena_deaths: 226.
num_vsnodes_births: 2.
num_vsnodes_deaths: 0.
num_space_committed: 1123.
num_space_uncommitted: 0.
num_chunks_returned_to_freelist: 281.
num_chunks_taken_from_freelist: 3058.
num_chunk_merges: 95.
num_chunk_splits: 2147.
num_chunks_enlarged: 1620.
num_inconsistent_stats: 0.

CodeCache: size=49152Kb used=19655Kb max_used=20182Kb free=29496Kb
 bounds [0x00000138245e0000, 0x00000138259b0000, 0x00000138275e0000]
 total_blobs=11513 nmethods=10823 adapters=617
 compilation: enabled
              stopped_count=0, restarted_count=0
 full_count=0

Compilation events (20 events):
Event: 4155.701 Thread 0x000001383bf3f430 nmethod 10991 0x0000013825515f10 code [0x00000138255160e0, 0x0000013825516318]
Event: 4155.701 Thread 0x000001383bf3f430 10992       1       org.springframework.ide.vscode.boot.java.requestmapping.WebfluxHandlerCodeLensProvider$$Lambda$856/0x000000010063c378::test (16 bytes)
Event: 4155.704 Thread 0x000001383bf3f430 nmethod 10992 0x0000013825515b90 code [0x0000013825515d20, 0x0000013825515e68]
Event: 4155.704 Thread 0x000001383bf3f430 10988       1       org.eclipse.jdt.internal.compiler.batch.ClasspathJrt::findClass (11 bytes)
Event: 4155.704 Thread 0x000001383bf3f430 nmethod 10988 0x0000013825515890 code [0x0000013825515a20, 0x0000013825515b08]
Event: 4155.704 Thread 0x000001383bf3f430 10994       1       org.eclipse.jdt.core.dom.ASTVisitor::visit (2 bytes)
Event: 4155.704 Thread 0x000001383bf3f430 nmethod 10994 0x0000013825515590 code [0x0000013825515720, 0x00000138255157f8]
Event: 4155.705 Thread 0x000001383bf3f430 10993       1       org.eclipse.jdt.core.dom.VariableDeclaration::getInitializer (5 bytes)
Event: 4155.705 Thread 0x000001383bf3f430 nmethod 10993 0x0000013825515290 code [0x0000013825515420, 0x00000138255154f8]
Event: 4155.715 Thread 0x000001382c79e100 nmethod 10989 0x0000013825512410 code [0x0000013825512a00, 0x00000138255148d8]
Event: 4156.756 Thread 0x000001382c79e100 10995       1       org.eclipse.jdt.core.dom.ASTVisitor::visit (2 bytes)
Event: 4156.756 Thread 0x000001382c79e100 nmethod 10995 0x0000013825512110 code [0x00000138255122a0, 0x0000013825512378]
Event: 5002.099 Thread 0x000001382c79e100 10996   !   1       org.springframework.ide.vscode.commons.languageserver.util.ParentProcessWatcher::parentProcessStillRunning (413 bytes)
Event: 5002.229 Thread 0x000001382c79e100 nmethod 10996 0x000001382550c710 code [0x000001382550cf40, 0x0000013825510108]
Event: 5156.192 Thread 0x000001382c79e100 10998       1       java.lang.ProcessImpl$2::run (242 bytes)
Event: 5156.213 Thread 0x000001382c79e100 nmethod 10998 0x000001382550a890 code [0x000001382550ab40, 0x000001382550b8d8]
Event: 5156.213 Thread 0x000001382c79e100 10999       1       java.lang.ProcessImpl::waitFor (136 bytes)
Event: 5156.216 Thread 0x000001382c79e100 nmethod 10999 0x000001382550a010 code [0x000001382550a220, 0x000001382550a638]
Event: 6224.760 Thread 0x000001382c79e100 11001   !   1       java.util.concurrent.ThreadPoolExecutor::runWorker (187 bytes)
Event: 6224.797 Thread 0x000001382c79e100 nmethod 11001 0x0000013825509190 code [0x00000138255093e0, 0x0000013825509ad8]

GC Heap History (20 events):
Event: 111284.313 GC heap before
{Heap before GC invocations=5904 (full 5835):
 garbage-first heap   total 296960K, used 87817K [0x00000000c0000000, 0x0000000100000000)
  region size 1024K, 1 young (1024K), 0 survivors (0K)
 Metaspace       used 71112K, committed 71872K, reserved 1114112K
  class space    used 9738K, committed 10048K, reserved 1048576K
}
Event: 111284.362 GC heap after
{Heap after GC invocations=5905 (full 5836):
 garbage-first heap   total 296960K, used 87817K [0x00000000c0000000, 0x0000000100000000)
  region size 1024K, 0 young (0K), 0 survivors (0K)
 Metaspace       used 71112K, committed 71872K, reserved 1114112K
  class space    used 9738K, committed 10048K, reserved 1048576K
}
Event: 111294.636 GC heap before
{Heap before GC invocations=5905 (full 5836):
 garbage-first heap   total 296960K, used 87817K [0x00000000c0000000, 0x0000000100000000)
  region size 1024K, 1 young (1024K), 0 survivors (0K)
 Metaspace       used 71112K, committed 71872K, reserved 1114112K
  class space    used 9738K, committed 10048K, reserved 1048576K
}
Event: 111294.709 GC heap after
{Heap after GC invocations=5906 (full 5837):
 garbage-first heap   total 296960K, used 87817K [0x00000000c0000000, 0x0000000100000000)
  region size 1024K, 0 young (0K), 0 survivors (0K)
 Metaspace       used 71112K, committed 71872K, reserved 1114112K
  class space    used 9738K, committed 10048K, reserved 1048576K
}
Event: 111304.980 GC heap before
{Heap before GC invocations=5906 (full 5837):
 garbage-first heap   total 296960K, used 87817K [0x00000000c0000000, 0x0000000100000000)
  region size 1024K, 1 young (1024K), 0 survivors (0K)
 Metaspace       used 71112K, committed 71872K, reserved 1114112K
  class space    used 9738K, committed 10048K, reserved 1048576K
}
Event: 111305.034 GC heap after
{Heap after GC invocations=5907 (full 5838):
 garbage-first heap   total 296960K, used 87817K [0x00000000c0000000, 0x0000000100000000)
  region size 1024K, 0 young (0K), 0 survivors (0K)
 Metaspace       used 71112K, committed 71872K, reserved 1114112K
  class space    used 9738K, committed 10048K, reserved 1048576K
}
Event: 111315.342 GC heap before
{Heap before GC invocations=5907 (full 5838):
 garbage-first heap   total 296960K, used 87817K [0x00000000c0000000, 0x0000000100000000)
  region size 1024K, 1 young (1024K), 0 survivors (0K)
 Metaspace       used 71112K, committed 71872K, reserved 1114112K
  class space    used 9738K, committed 10048K, reserved 1048576K
}
Event: 111315.410 GC heap after
{Heap after GC invocations=5908 (full 5839):
 garbage-first heap   total 296960K, used 87817K [0x00000000c0000000, 0x0000000100000000)
  region size 1024K, 0 young (0K), 0 survivors (0K)
 Metaspace       used 71112K, committed 71872K, reserved 1114112K
  class space    used 9738K, committed 10048K, reserved 1048576K
}
Event: 111325.711 GC heap before
{Heap before GC invocations=5908 (full 5839):
 garbage-first heap   total 296960K, used 87817K [0x00000000c0000000, 0x0000000100000000)
  region size 1024K, 1 young (1024K), 0 survivors (0K)
 Metaspace       used 71112K, committed 71872K, reserved 1114112K
  class space    used 9738K, committed 10048K, reserved 1048576K
}
Event: 111325.765 GC heap after
{Heap after GC invocations=5909 (full 5840):
 garbage-first heap   total 296960K, used 87817K [0x00000000c0000000, 0x0000000100000000)
  region size 1024K, 0 young (0K), 0 survivors (0K)
 Metaspace       used 71112K, committed 71872K, reserved 1114112K
  class space    used 9738K, committed 10048K, reserved 1048576K
}
Event: 111336.002 GC heap before
{Heap before GC invocations=5909 (full 5840):
 garbage-first heap   total 296960K, used 87817K [0x00000000c0000000, 0x0000000100000000)
  region size 1024K, 1 young (1024K), 0 survivors (0K)
 Metaspace       used 71112K, committed 71872K, reserved 1114112K
  class space    used 9738K, committed 10048K, reserved 1048576K
}
Event: 111336.057 GC heap after
{Heap after GC invocations=5910 (full 5841):
 garbage-first heap   total 296960K, used 87817K [0x00000000c0000000, 0x0000000100000000)
  region size 1024K, 0 young (0K), 0 survivors (0K)
 Metaspace       used 71112K, committed 71872K, reserved 1114112K
  class space    used 9738K, committed 10048K, reserved 1048576K
}
Event: 111346.329 GC heap before
{Heap before GC invocations=5910 (full 5841):
 garbage-first heap   total 296960K, used 87817K [0x00000000c0000000, 0x0000000100000000)
  region size 1024K, 1 young (1024K), 0 survivors (0K)
 Metaspace       used 71112K, committed 71872K, reserved 1114112K
  class space    used 9738K, committed 10048K, reserved 1048576K
}
Event: 111346.386 GC heap after
{Heap after GC invocations=5911 (full 5842):
 garbage-first heap   total 296960K, used 87817K [0x00000000c0000000, 0x0000000100000000)
  region size 1024K, 0 young (0K), 0 survivors (0K)
 Metaspace       used 71112K, committed 71872K, reserved 1114112K
  class space    used 9738K, committed 10048K, reserved 1048576K
}
Event: 111356.711 GC heap before
{Heap before GC invocations=5911 (full 5842):
 garbage-first heap   total 296960K, used 87817K [0x00000000c0000000, 0x0000000100000000)
  region size 1024K, 1 young (1024K), 0 survivors (0K)
 Metaspace       used 71112K, committed 71872K, reserved 1114112K
  class space    used 9738K, committed 10048K, reserved 1048576K
}
Event: 111356.775 GC heap after
{Heap after GC invocations=5912 (full 5843):
 garbage-first heap   total 296960K, used 87817K [0x00000000c0000000, 0x0000000100000000)
  region size 1024K, 0 young (0K), 0 survivors (0K)
 Metaspace       used 71112K, committed 71872K, reserved 1114112K
  class space    used 9738K, committed 10048K, reserved 1048576K
}
Event: 111367.263 GC heap before
{Heap before GC invocations=5912 (full 5843):
 garbage-first heap   total 296960K, used 87817K [0x00000000c0000000, 0x0000000100000000)
  region size 1024K, 1 young (1024K), 0 survivors (0K)
 Metaspace       used 71112K, committed 71872K, reserved 1114112K
  class space    used 9738K, committed 10048K, reserved 1048576K
}
Event: 111367.330 GC heap after
{Heap after GC invocations=5913 (full 5844):
 garbage-first heap   total 296960K, used 87817K [0x00000000c0000000, 0x0000000100000000)
  region size 1024K, 0 young (0K), 0 survivors (0K)
 Metaspace       used 71112K, committed 71872K, reserved 1114112K
  class space    used 9738K, committed 10048K, reserved 1048576K
}
Event: 111378.373 GC heap before
{Heap before GC invocations=5913 (full 5844):
 garbage-first heap   total 296960K, used 87817K [0x00000000c0000000, 0x0000000100000000)
  region size 1024K, 1 young (1024K), 0 survivors (0K)
 Metaspace       used 71112K, committed 71872K, reserved 1114112K
  class space    used 9738K, committed 10048K, reserved 1048576K
}
Event: 111378.437 GC heap after
{Heap after GC invocations=5914 (full 5845):
 garbage-first heap   total 296960K, used 87817K [0x00000000c0000000, 0x0000000100000000)
  region size 1024K, 0 young (0K), 0 survivors (0K)
 Metaspace       used 71112K, committed 71872K, reserved 1114112K
  class space    used 9738K, committed 10048K, reserved 1048576K
}

Dll operation events (10 events):
Event: 0.014 Loaded shared library c:\Users\HP\.vscode\extensions\redhat.java-1.18.0-win32-x64\jre\17.0.7-win32-x86_64\bin\java.dll
Event: 0.587 Loaded shared library C:\Users\HP\.vscode\extensions\redhat.java-1.18.0-win32-x64\jre\17.0.7-win32-x86_64\bin\net.dll
Event: 0.592 Loaded shared library C:\Users\HP\.vscode\extensions\redhat.java-1.18.0-win32-x64\jre\17.0.7-win32-x86_64\bin\nio.dll
Event: 1.190 Loaded shared library C:\Users\HP\.vscode\extensions\redhat.java-1.18.0-win32-x64\jre\17.0.7-win32-x86_64\bin\zip.dll
Event: 6.583 Loaded shared library C:\Users\HP\.vscode\extensions\redhat.java-1.18.0-win32-x64\jre\17.0.7-win32-x86_64\bin\jimage.dll
Event: 12.959 Loaded shared library C:\Users\HP\.vscode\extensions\redhat.java-1.18.0-win32-x64\jre\17.0.7-win32-x86_64\bin\management.dll
Event: 12.988 Loaded shared library C:\Users\HP\.vscode\extensions\redhat.java-1.18.0-win32-x64\jre\17.0.7-win32-x86_64\bin\management_ext.dll
Event: 16.561 Loaded shared library C:\Users\HP\.vscode\extensions\redhat.java-1.18.0-win32-x64\jre\17.0.7-win32-x86_64\bin\sunmscapi.dll
Event: 33.221 Loaded shared library c:\Users\HP\.vscode\extensions\redhat.java-1.18.0-win32-x64\jre\17.0.7-win32-x86_64\bin\verify.dll
Event: 38.484 Loaded shared library C:\Users\HP\AppData\Local\Temp\snappy-1.1.8-45d98082-1956-45a5-9270-64009e519520-snappyjava.dll

Deoptimization events (20 events):
Event: 34.748 Thread 0x00000138320de3f0 DEOPT PACKING pc=0x0000013825476574 sp=0x0000000f98ffda60
Event: 34.748 Thread 0x00000138320de3f0 DEOPT UNPACKING pc=0x0000013824637143 sp=0x0000000f98ffcf90 mode 0
Event: 34.748 Thread 0x00000138320de3f0 DEOPT PACKING pc=0x00000138254b019c sp=0x0000000f98ffdc90
Event: 34.748 Thread 0x00000138320de3f0 DEOPT UNPACKING pc=0x0000013824637143 sp=0x0000000f98ffd198 mode 0
Event: 34.749 Thread 0x00000138320de3f0 DEOPT PACKING pc=0x00000138253e2f74 sp=0x0000000f98ffdd80
Event: 34.749 Thread 0x00000138320de3f0 DEOPT UNPACKING pc=0x0000013824637143 sp=0x0000000f98ffd278 mode 0
Event: 34.749 Thread 0x00000138320de3f0 DEOPT PACKING pc=0x00000138253d9a74 sp=0x0000000f98ffde50
Event: 34.749 Thread 0x00000138320de3f0 DEOPT UNPACKING pc=0x0000013824637143 sp=0x0000000f98ffd328 mode 0
Event: 34.749 Thread 0x00000138320de3f0 DEOPT PACKING pc=0x00000138253d5d24 sp=0x0000000f98ffdf00
Event: 34.749 Thread 0x00000138320de3f0 DEOPT UNPACKING pc=0x0000013824637143 sp=0x0000000f98ffd480 mode 0
Event: 34.750 Thread 0x00000138320de3f0 DEOPT PACKING pc=0x000001382549f72c sp=0x0000000f98ffe220
Event: 34.750 Thread 0x00000138320de3f0 DEOPT UNPACKING pc=0x0000013824637143 sp=0x0000000f98ffd6b0 mode 0
Event: 42.095 Thread 0x00000138322dc470 DEOPT PACKING pc=0x00000138256ea9fc sp=0x0000000f991fc250
Event: 42.095 Thread 0x00000138322dc470 DEOPT UNPACKING pc=0x0000013824637143 sp=0x0000000f991fb7e8 mode 0
Event: 42.269 Thread 0x00000138322dc470 DEOPT PACKING pc=0x000001382562af44 sp=0x0000000f991fceb0
Event: 42.269 Thread 0x00000138322dc470 DEOPT UNPACKING pc=0x0000013824637143 sp=0x0000000f991fc290 mode 0
Event: 3950.105 Thread 0x0000013831fc94e0 DEOPT PACKING pc=0x0000013824bfe854 sp=0x0000000f989febc0
Event: 3950.108 Thread 0x0000013831fc94e0 DEOPT UNPACKING pc=0x0000013824637143 sp=0x0000000f989fe048 mode 0
Event: 3950.477 Thread 0x00000138322dd2e0 DEOPT PACKING pc=0x000001382554eacf sp=0x0000000f966fd680
Event: 3950.478 Thread 0x00000138322dd2e0 DEOPT UNPACKING pc=0x0000013824637143 sp=0x0000000f966fcb70 mode 3

Classes unloaded (20 events):
Event: 278.530 Thread 0x000001382c766ec0 Unloading class 0x000000010069c000 'jdk/internal/reflect/GeneratedMethodAccessor21'
Event: 278.530 Thread 0x000001382c766ec0 Unloading class 0x0000000100540000 'java/lang/invoke/LambdaForm$MH+0x0000000100540000'
Event: 278.530 Thread 0x000001382c766ec0 Unloading class 0x0000000100539800 'java/lang/invoke/LambdaForm$MH+0x0000000100539800'
Event: 278.530 Thread 0x000001382c766ec0 Unloading class 0x0000000100539400 'java/lang/invoke/LambdaForm$MH+0x0000000100539400'
Event: 278.530 Thread 0x000001382c766ec0 Unloading class 0x0000000100539000 'java/lang/invoke/LambdaForm$MH+0x0000000100539000'
Event: 278.530 Thread 0x000001382c766ec0 Unloading class 0x0000000100538800 'java/lang/invoke/LambdaForm$MH+0x0000000100538800'
Event: 278.530 Thread 0x000001382c766ec0 Unloading class 0x0000000100538400 'java/lang/invoke/LambdaForm$MH+0x0000000100538400'
Event: 278.530 Thread 0x000001382c766ec0 Unloading class 0x000000010039c400 'java/lang/invoke/LambdaForm$MH+0x000000010039c400'
Event: 278.530 Thread 0x000001382c766ec0 Unloading class 0x0000000100355400 'java/lang/invoke/LambdaForm$MH+0x0000000100355400'
Event: 278.530 Thread 0x000001382c766ec0 Unloading class 0x0000000100355000 'java/lang/invoke/LambdaForm$MH+0x0000000100355000'
Event: 278.530 Thread 0x000001382c766ec0 Unloading class 0x00000001000cb800 'java/lang/invoke/LambdaForm$MH+0x00000001000cb800'
Event: 278.530 Thread 0x000001382c766ec0 Unloading class 0x00000001000cb400 'java/lang/invoke/LambdaForm$MH+0x00000001000cb400'
Event: 278.530 Thread 0x000001382c766ec0 Unloading class 0x00000001000cb000 'java/lang/invoke/LambdaForm$MH+0x00000001000cb000'
Event: 278.530 Thread 0x000001382c766ec0 Unloading class 0x00000001000cac00 'java/lang/invoke/LambdaForm$MH+0x00000001000cac00'
Event: 278.530 Thread 0x000001382c766ec0 Unloading class 0x00000001000ca800 'java/lang/invoke/LambdaForm$MH+0x00000001000ca800'
Event: 278.530 Thread 0x000001382c766ec0 Unloading class 0x00000001000ca400 'java/lang/invoke/LambdaForm$MH+0x00000001000ca400'
Event: 278.530 Thread 0x000001382c766ec0 Unloading class 0x00000001000c8400 'java/lang/invoke/LambdaForm$MH+0x00000001000c8400'
Event: 4201.051 Thread 0x000001382c766ec0 Unloading class 0x00000001000ca400 'java/lang/invoke/LambdaForm$MH+0x00000001000ca400'
Event: 4201.051 Thread 0x000001382c766ec0 Unloading class 0x00000001000cb800 'java/lang/invoke/LambdaForm$MH+0x00000001000cb800'
Event: 4201.051 Thread 0x000001382c766ec0 Unloading class 0x000000010039c400 'java/lang/invoke/LambdaForm$MH+0x000000010039c400'

Classes redefined (0 events):
No events

Internal exceptions (20 events):
Event: 43.459 Thread 0x00000138322dc470 Exception <a 'sun/nio/fs/WindowsException'{0x00000000e9779750}> (0x00000000e9779750) 
thrown [s\src\hotspot\share\prims\jni.cpp, line 516]
Event: 43.460 Thread 0x00000138322dc470 Exception <a 'sun/nio/fs/WindowsException'{0x00000000e9794bf8}> (0x00000000e9794bf8) 
thrown [s\src\hotspot\share\prims\jni.cpp, line 516]
Event: 43.460 Thread 0x00000138322dc470 Exception <a 'sun/nio/fs/WindowsException'{0x00000000e9794f48}> (0x00000000e9794f48) 
thrown [s\src\hotspot\share\prims\jni.cpp, line 516]
Event: 43.460 Thread 0x00000138322dc470 Exception <a 'sun/nio/fs/WindowsException'{0x00000000e9795e78}> (0x00000000e9795e78) 
thrown [s\src\hotspot\share\prims\jni.cpp, line 516]
Event: 43.460 Thread 0x00000138322dc470 Exception <a 'sun/nio/fs/WindowsException'{0x00000000e97961e8}> (0x00000000e97961e8) 
thrown [s\src\hotspot\share\prims\jni.cpp, line 516]
Event: 43.463 Thread 0x00000138322dc470 Exception <a 'sun/nio/fs/WindowsException'{0x00000000e97d0b98}> (0x00000000e97d0b98) 
thrown [s\src\hotspot\share\prims\jni.cpp, line 516]
Event: 43.463 Thread 0x00000138322dc470 Exception <a 'sun/nio/fs/WindowsException'{0x00000000e97d0f10}> (0x00000000e97d0f10) 
thrown [s\src\hotspot\share\prims\jni.cpp, line 516]
Event: 43.463 Thread 0x00000138322dc470 Exception <a 'sun/nio/fs/WindowsException'{0x00000000e97d23c0}> (0x00000000e97d23c0) 
thrown [s\src\hotspot\share\prims\jni.cpp, line 516]
Event: 43.463 Thread 0x00000138322dc470 Exception <a 'sun/nio/fs/WindowsException'{0x00000000e97d2750}> (0x00000000e97d2750) 
thrown [s\src\hotspot\share\prims\jni.cpp, line 516]
Event: 43.464 Thread 0x00000138322dc470 Exception <a 'sun/nio/fs/WindowsException'{0x00000000e97f52f8}> (0x00000000e97f52f8) 
thrown [s\src\hotspot\share\prims\jni.cpp, line 516]
Event: 43.464 Thread 0x00000138322dc470 Exception <a 'sun/nio/fs/WindowsException'{0x00000000e97f5658}> (0x00000000e97f5658) 
thrown [s\src\hotspot\share\prims\jni.cpp, line 516]
Event: 43.465 Thread 0x00000138322dc470 Exception <a 'sun/nio/fs/WindowsException'{0x00000000e97f6b00}> (0x00000000e97f6b00) 
thrown [s\src\hotspot\share\prims\jni.cpp, line 516]
Event: 43.465 Thread 0x00000138322dc470 Exception <a 'sun/nio/fs/WindowsException'{0x00000000e97f6e88}> (0x00000000e97f6e88) 
thrown [s\src\hotspot\share\prims\jni.cpp, line 516]
Event: 43.471 Thread 0x00000138322dc470 Exception <a 'sun/nio/fs/WindowsException'{0x00000000e955afc8}> (0x00000000e955afc8) 
thrown [s\src\hotspot\share\prims\jni.cpp, line 516]
Event: 43.472 Thread 0x00000138322dc470 Exception <a 'sun/nio/fs/WindowsException'{0x00000000e955b350}> (0x00000000e955b350) 
thrown [s\src\hotspot\share\prims\jni.cpp, line 516]
Event: 43.472 Thread 0x00000138322dc470 Exception <a 'sun/nio/fs/WindowsException'{0x00000000e955cd60}> (0x00000000e955cd60) 
thrown [s\src\hotspot\share\prims\jni.cpp, line 516]
Event: 43.472 Thread 0x00000138322dc470 Exception <a 'sun/nio/fs/WindowsException'{0x00000000e955d108}> (0x00000000e955d108) 
thrown [s\src\hotspot\share\prims\jni.cpp, line 516]
Event: 83.068 Thread 0x0000013831f80290 Exception <a 'java/lang/NoSuchMethodError'{0x00000000ec076eb8}: 'void java.lang.invoke.DirectMethodHandle$Holder.invokeStatic(java.lang.Object, long)'> (0x00000000ec076eb8) 
thrown [s\src\hotspot\share\interpreter\linkResolver.cpp, line 759]
Event: 83.069 Thread 0x0000013831f80290 Exception <a 'java/lang/NoSuchMethodError'{0x00000000ec07c268}: 'java.lang.Object java.lang.invoke.DirectMethodHandle$Holder.newInvokeSpecial(java.lang.Object, long)'> (0x00000000ec07c268) 
thrown [s\src\hotspot\share\interpreter\linkResolver.cpp, line 759]
Event: 3950.477 Thread 0x00000138322dd2e0 Implicit null exception at 0x000001382554e510 to 0x000001382554eaca

VM Operations (20 events):
Event: 111284.362 Executing VM operation: G1CollectFull done
Event: 111294.635 Executing VM operation: G1CollectFull
Event: 111294.709 Executing VM operation: G1CollectFull done
Event: 111304.979 Executing VM operation: G1CollectFull
Event: 111305.035 Executing VM operation: G1CollectFull done
Event: 111315.342 Executing VM operation: G1CollectFull
Event: 111315.410 Executing VM operation: G1CollectFull done
Event: 111325.710 Executing VM operation: G1CollectFull
Event: 111325.765 Executing VM operation: G1CollectFull done
Event: 111336.001 Executing VM operation: G1CollectFull
Event: 111336.057 Executing VM operation: G1CollectFull done
Event: 111346.328 Executing VM operation: G1CollectFull
Event: 111346.387 Executing VM operation: G1CollectFull done
Event: 111356.711 Executing VM operation: G1CollectFull
Event: 111356.775 Executing VM operation: G1CollectFull done
Event: 111367.263 Executing VM operation: G1CollectFull
Event: 111367.330 Executing VM operation: G1CollectFull done
Event: 111378.352 Executing VM operation: G1CollectFull
Event: 111378.437 Executing VM operation: G1CollectFull done
Event: 111396.394 Executing VM operation: G1CollectFull

Events (20 events):
Event: 222.362 Thread 0x00000138322e07d0 Thread exited: 0x00000138322e07d0
Event: 282.373 Thread 0x00000138322e0300 Thread exited: 0x00000138322e0300
Event: 342.383 Thread 0x00000138322da2c0 Thread exited: 0x00000138322da2c0
Event: 402.395 Thread 0x00000138322e1170 Thread exited: 0x00000138322e1170
Event: 3950.238 Thread 0x00000138322da2c0 Thread added: 0x00000138322da2c0
Event: 3950.349 Thread 0x00000138322dd2e0 Thread added: 0x00000138322dd2e0
Event: 4010.583 Thread 0x00000138322dd2e0 Thread exited: 0x00000138322dd2e0
Event: 4014.285 Thread 0x00000138322da2c0 Thread exited: 0x00000138322da2c0
Event: 4081.364 Thread 0x00000138322db130 Thread added: 0x00000138322db130
Event: 4081.394 Thread 0x00000138322e07d0 Thread added: 0x00000138322e07d0
Event: 4081.423 Thread 0x000001383bd504d0 Thread added: 0x000001383bd504d0
Event: 4086.515 Thread 0x000001383bd504d0 Thread exited: 0x000001383bd504d0
Event: 4141.512 Thread 0x00000138322e07d0 Thread exited: 0x00000138322e07d0
Event: 4141.512 Thread 0x00000138322db130 Thread exited: 0x00000138322db130
Event: 4155.643 Thread 0x00000138322ddc80 Thread added: 0x00000138322ddc80
Event: 4155.648 Thread 0x00000138322e1170 Thread added: 0x00000138322e1170
Event: 4155.698 Thread 0x000001383bf3f430 Thread added: 0x000001383bf3f430
Event: 4156.756 Thread 0x000001383bf3f430 Thread exited: 0x000001383bf3f430
Event: 4215.704 Thread 0x00000138322e1170 Thread exited: 0x00000138322e1170
Event: 4216.771 Thread 0x00000138322ddc80 Thread exited: 0x00000138322ddc80


Dynamic libraries:
0x00007ff6e99d0000 - 0x00007ff6e99de000 	c:\Users\HP\.vscode\extensions\redhat.java-1.18.0-win32-x64\jre\17.0.7-win32-x86_64\bin\java.exe
0x00007ffa84ed0000 - 0x00007ffa850c8000 	C:\WINDOWS\SYSTEM32\ntdll.dll
0x00007ffa83060000 - 0x00007ffa8311f000 	C:\WINDOWS\System32\KERNEL32.DLL
0x00007ffa82c30000 - 0x00007ffa82f26000 	C:\WINDOWS\System32\KERNELBASE.dll
0x00007ffa82780000 - 0x00007ffa82880000 	C:\WINDOWS\System32\ucrtbase.dll
0x00007ffa633e0000 - 0x00007ffa633f9000 	c:\Users\HP\.vscode\extensions\redhat.java-1.18.0-win32-x64\jre\17.0.7-win32-x86_64\bin\VCRUNTIME140.dll
0x00007ffa62fc0000 - 0x00007ffa62fd7000 	c:\Users\HP\.vscode\extensions\redhat.java-1.18.0-win32-x64\jre\17.0.7-win32-x86_64\bin\jli.dll
0x00007ffa847c0000 - 0x00007ffa8495d000 	C:\WINDOWS\System32\USER32.dll
0x00007ffa825b0000 - 0x00007ffa825d2000 	C:\WINDOWS\System32\win32u.dll
0x00007ffa65a40000 - 0x00007ffa65cda000 	C:\WINDOWS\WinSxS\amd64_microsoft.windows.common-controls_6595b64144ccf1df_6.0.19041.1110_none_60b5254171f9507e\COMCTL32.dll
0x00007ffa84e00000 - 0x00007ffa84e2c000 	C:\WINDOWS\System32\GDI32.dll
0x00007ffa832f0000 - 0x00007ffa8338e000 	C:\WINDOWS\System32\msvcrt.dll
0x00007ffa82630000 - 0x00007ffa82745000 	C:\WINDOWS\System32\gdi32full.dll
0x00007ffa82880000 - 0x00007ffa8291d000 	C:\WINDOWS\System32\msvcp_win.dll
0x00007ffa831d0000 - 0x00007ffa83200000 	C:\WINDOWS\System32\IMM32.DLL
0x00007ffa633d0000 - 0x00007ffa633dc000 	c:\Users\HP\.vscode\extensions\redhat.java-1.18.0-win32-x64\jre\17.0.7-win32-x86_64\bin\vcruntime140_1.dll
0x00007ffa21a90000 - 0x00007ffa21b21000 	c:\Users\HP\.vscode\extensions\redhat.java-1.18.0-win32-x64\jre\17.0.7-win32-x86_64\bin\msvcp140.dll
0x00007ff9f8910000 - 0x00007ff9f9558000 	c:\Users\HP\.vscode\extensions\redhat.java-1.18.0-win32-x64\jre\17.0.7-win32-x86_64\bin\server\jvm.dll
0x00007ffa834c0000 - 0x00007ffa8356f000 	C:\WINDOWS\System32\ADVAPI32.dll
0x00007ffa84180000 - 0x00007ffa8421c000 	C:\WINDOWS\System32\sechost.dll
0x00007ffa82f30000 - 0x00007ffa83056000 	C:\WINDOWS\System32\RPCRT4.dll
0x00007ffa78530000 - 0x00007ffa78557000 	C:\WINDOWS\SYSTEM32\WINMM.dll
0x00007ffa62da0000 - 0x00007ffa62da9000 	C:\WINDOWS\SYSTEM32\WSOCK32.dll
0x00007ffa7b6d0000 - 0x00007ffa7b6da000 	C:\WINDOWS\SYSTEM32\VERSION.dll
0x00007ffa835e0000 - 0x00007ffa8364b000 	C:\WINDOWS\System32\WS2_32.dll
0x00007ffa80470000 - 0x00007ffa80482000 	C:\WINDOWS\SYSTEM32\kernel.appcore.dll
0x00007ffa62d90000 - 0x00007ffa62d9a000 	c:\Users\HP\.vscode\extensions\redhat.java-1.18.0-win32-x64\jre\17.0.7-win32-x86_64\bin\jimage.dll
0x00007ffa702d0000 - 0x00007ffa704b4000 	C:\WINDOWS\SYSTEM32\DBGHELP.DLL
0x00007ffa70290000 - 0x00007ffa702c4000 	C:\WINDOWS\SYSTEM32\dbgcore.DLL
0x00007ffa82920000 - 0x00007ffa829a2000 	C:\WINDOWS\System32\bcryptPrimitives.dll
0x00007ffa52950000 - 0x00007ffa52975000 	c:\Users\HP\.vscode\extensions\redhat.java-1.18.0-win32-x64\jre\17.0.7-win32-x86_64\bin\java.dll
0x00007ffa5c120000 - 0x00007ffa5c138000 	c:\Users\HP\.vscode\extensions\redhat.java-1.18.0-win32-x64\jre\17.0.7-win32-x86_64\bin\zip.dll
0x00007ffa83870000 - 0x00007ffa83fb4000 	C:\WINDOWS\System32\SHELL32.dll
0x00007ffa80670000 - 0x00007ffa80e03000 	C:\WINDOWS\SYSTEM32\windows.storage.dll
0x00007ffa84960000 - 0x00007ffa84cb4000 	C:\WINDOWS\System32\combase.dll
0x00007ffa81f30000 - 0x00007ffa81f5e000 	C:\WINDOWS\SYSTEM32\Wldp.dll
0x00007ffa83120000 - 0x00007ffa831cd000 	C:\WINDOWS\System32\SHCORE.dll
0x00007ffa84da0000 - 0x00007ffa84df5000 	C:\WINDOWS\System32\shlwapi.dll
0x00007ffa824f0000 - 0x00007ffa8250f000 	C:\WINDOWS\SYSTEM32\profapi.dll
0x00007ffa52930000 - 0x00007ffa52949000 	C:\Users\HP\.vscode\extensions\redhat.java-1.18.0-win32-x64\jre\17.0.7-win32-x86_64\bin\net.dll
0x00007ffa7baa0000 - 0x00007ffa7bbaa000 	C:\WINDOWS\SYSTEM32\WINHTTP.dll
0x00007ffa81c90000 - 0x00007ffa81cfa000 	C:\WINDOWS\system32\mswsock.dll
0x00007ffa54c60000 - 0x00007ffa54c75000 	C:\Users\HP\.vscode\extensions\redhat.java-1.18.0-win32-x64\jre\17.0.7-win32-x86_64\bin\nio.dll
0x00007ffa81e80000 - 0x00007ffa81e98000 	C:\WINDOWS\SYSTEM32\CRYPTSP.dll
0x00007ffa815b0000 - 0x00007ffa815e4000 	C:\WINDOWS\system32\rsaenh.dll
0x00007ffa82750000 - 0x00007ffa82777000 	C:\WINDOWS\System32\bcrypt.dll
0x00007ffa824b0000 - 0x00007ffa824de000 	C:\WINDOWS\SYSTEM32\USERENV.dll
0x00007ffa81ea0000 - 0x00007ffa81eac000 	C:\WINDOWS\SYSTEM32\CRYPTBASE.dll
0x00007ffa81980000 - 0x00007ffa819bc000 	C:\WINDOWS\SYSTEM32\IPHLPAPI.DLL
0x00007ffa835d0000 - 0x00007ffa835d8000 	C:\WINDOWS\System32\NSI.dll
0x00007ffa7abe0000 - 0x00007ffa7abf7000 	C:\WINDOWS\SYSTEM32\dhcpcsvc6.DLL
0x00007ffa7ae20000 - 0x00007ffa7ae3d000 	C:\WINDOWS\SYSTEM32\dhcpcsvc.DLL
0x00007ffa819c0000 - 0x00007ffa81a8b000 	C:\WINDOWS\SYSTEM32\DNSAPI.dll
0x00007ffa7d8d0000 - 0x00007ffa7d8d9000 	C:\Users\HP\.vscode\extensions\redhat.java-1.18.0-win32-x64\jre\17.0.7-win32-x86_64\bin\management.dll
0x00007ffa7bd40000 - 0x00007ffa7bd4b000 	C:\Users\HP\.vscode\extensions\redhat.java-1.18.0-win32-x64\jre\17.0.7-win32-x86_64\bin\management_ext.dll
0x00007ffa83390000 - 0x00007ffa83398000 	C:\WINDOWS\System32\PSAPI.DLL
0x00007ffa7bd30000 - 0x00007ffa7bd3e000 	C:\Users\HP\.vscode\extensions\redhat.java-1.18.0-win32-x64\jre\17.0.7-win32-x86_64\bin\sunmscapi.dll
0x00007ffa82a60000 - 0x00007ffa82bbe000 	C:\WINDOWS\System32\CRYPT32.dll
0x00007ffa81fa0000 - 0x00007ffa81fc8000 	C:\WINDOWS\SYSTEM32\ncrypt.dll
0x00007ffa81f60000 - 0x00007ffa81f9b000 	C:\WINDOWS\SYSTEM32\NTASN1.dll
0x00007ffa71710000 - 0x00007ffa7171a000 	C:\Windows\System32\rasadhlp.dll
0x00007ffa6d670000 - 0x00007ffa6d6f2000 	C:\WINDOWS\System32\fwpuclnt.dll
0x00007ffa59460000 - 0x00007ffa59470000 	c:\Users\HP\.vscode\extensions\redhat.java-1.18.0-win32-x64\jre\17.0.7-win32-x86_64\bin\verify.dll
0x000000006c500000 - 0x000000006c5c7000 	C:\Users\HP\AppData\Local\Temp\snappy-1.1.8-45d98082-1956-45a5-9270-64009e519520-snappyjava.dll

dbghelp: loaded successfully - version: 4.0.5 - missing functions: none
symbol engine: initialized successfully - sym options: 0x614 - pdb path: .;c:\Users\HP\.vscode\extensions\redhat.java-1.18.0-win32-x64\jre\17.0.7-win32-x86_64\bin;C:\WINDOWS\SYSTEM32;C:\WINDOWS\WinSxS\amd64_microsoft.windows.common-controls_6595b64144ccf1df_6.0.19041.1110_none_60b5254171f9507e;c:\Users\HP\.vscode\extensions\redhat.java-1.18.0-win32-x64\jre\17.0.7-win32-x86_64\bin\server;C:\Users\HP\AppData\Local\Temp

VM Arguments:
jvm_args: -XX:+HeapDumpOnOutOfMemoryError -Xmx1024m -Dsts.lsp.client=vscode -Dsts.log.file=/dev/null -XX:TieredStopAtLevel=1 -Xlog:jni+resolve=off -Dspring.config.location=file:c:\Users\HP\.vscode\extensions\vmware.vscode-spring-boot-1.46.0\language-server\BOOT-INF\classes\application.properties 
java_command: org.springframework.ide.vscode.boot.app.BootLanguageServerBootApp
java_class_path (initial): c:\Users\HP\.vscode\extensions\vmware.vscode-spring-boot-1.46.0\language-server\BOOT-INF\classes;c:\Users\HP\.vscode\extensions\vmware.vscode-spring-boot-1.46.0\language-server\BOOT-INF\lib\annotations-24.0.1.jar;c:\Users\HP\.vscode\extensions\vmware.vscode-spring-boot-1.46.0\language-server\BOOT-INF\lib\antlr-runtime-3.5.3.jar;c:\Users\HP\.vscode\extensions\vmware.vscode-spring-boot-1.46.0\language-server\BOOT-INF\lib\antlr4-4.11.1.jar;c:\Users\HP\.vscode\extensions\vmware.vscode-spring-boot-1.46.0\language-server\BOOT-INF\lib\antlr4-runtime-4.11.1.jar;c:\Users\HP\.vscode\extensions\vmware.vscode-spring-boot-1.46.0\language-server\BOOT-INF\lib\asm-9.5.jar;c:\Users\HP\.vscode\extensions\vmware.vscode-spring-boot-1.46.0\language-server\BOOT-INF\lib\asm-analysis-9.5.jar;c:\Users\HP\.vscode\extensions\vmware.vscode-spring-boot-1.46.0\language-server\BOOT-INF\lib\asm-tree-9.5.jar;c:\Users\HP\.vscode\extensions\vmware.vscode-spring-boot-1.46.0\language-server\BOOT-INF\lib\asm-util-9.5.jar;c:\Users\HP\.vscode\extensions\vmware.vscode-spring-boot-1.46.0\language-server\BOOT-INF\lib\caffeine-3.1.2.jar;c:\Users\HP\.vscode\extensions\vmware.vscode-spring-boot-1.46.0\language-server\BOOT-INF\lib\checker-qual-3.12.0.jar;c:\Users\HP\.vscode\extensions\vmware.vscode-spring-boot-1.46.0\language-server\BOOT-INF\lib\classgraph-4.8.149.jar;c:\Users\HP\.vscode\extensions\vmware.vscode-spring-boot-1.46.0\language-server\BOOT-INF\lib\commons-codec-1.15.jar;c:\Users\HP\.vscode\extensions\vmware.vscode-spring-boot-1.46.0\language-server\BOOT-INF\lib\commons-compress-1.23.0.jar;c:\Users\HP\.vscode\extensions\vmware.vscode-spring-boot-1.46.0\language-server\BOOT-INF\lib\commons-io-2.4.jar;c:\Users\HP\.vscode\extensions\vmware.vscode-spring-boot-1.46.0\language-server\BOOT-INF\lib\commons-java-1.46.0-SNAPSHOT.jar;c:\Users\HP\.vscode\extensions\vmware.vscode-spring-boot-1.46.0\language-server\BOOT-INF\lib\commons-lang3-3.12.0.jar;c:\Users\HP\.vscode\extensions\vmw
Launcher Type: SUN_STANDARD

[Global flags]
     intx CICompilerCount                          = 4                                         {product} {ergonomic}
     uint ConcGCThreads                            = 2                                         {product} {ergonomic}
     uint G1ConcRefinementThreads                  = 8                                         {product} {ergonomic}
   size_t G1HeapRegionSize                         = 1048576                                   {product} {ergonomic}
    uintx GCDrainStackTargetSize                   = 64                                        {product} {ergonomic}
     bool HeapDumpOnOutOfMemoryError               = true                                   {manageable} {command line}
   size_t InitialHeapSize                          = 100663296                                 {product} {ergonomic}
   size_t MarkStackSize                            = 4194304                                   {product} {ergonomic}
   size_t MaxHeapSize                              = 1073741824                                {product} {command line}
   size_t MaxNewSize                               = 643825664                                 {product} {ergonomic}
   size_t MinHeapDeltaBytes                        = 1048576                                   {product} {ergonomic}
   size_t MinHeapSize                              = 8388608                                   {product} {ergonomic}
    uintx NonProfiledCodeHeapSize                  = 0                                      {pd product} {ergonomic}
     bool ProfileInterpreter                       = false                                  {pd product} {command line}
    uintx ProfiledCodeHeapSize                     = 0                                      {pd product} {ergonomic}
   size_t SoftMaxHeapSize                          = 1073741824                             {manageable} {ergonomic}
     intx TieredStopAtLevel                        = 1                                         {product} {command line}
     bool UseCompressedClassPointers               = true                           {product lp64_product} {ergonomic}
     bool UseCompressedOops                        = true                           {product lp64_product} {ergonomic}
     bool UseG1GC                                  = true                                      {product} {ergonomic}
     bool UseLargePagesIndividualAllocation        = false                                  {pd product} {ergonomic}

Logging:
Log output configuration:
 #0: stdout all=warning,jni+resolve=off uptime,level,tags
 #1: stderr all=off uptime,level,tags

Environment Variables:
JAVA_HOME=C:\Program Files\Java\jdk-19
PATH=C:\Program Files\Common Files\Oracle\Java\javapath;C:\WINDOWS\system32;C:\WINDOWS;C:\WINDOWS\System32\Wbem;C:\WINDOWS\System32\WindowsPowerShell\v1.0\;C:\WINDOWS\System32\OpenSSH\;C:\Program Files\dotnet\;C:\Users\HP\AppData\Local\Programs\Python\Python39;C:\Program Files\Java\jdk-19\bin;C:\Program Files\Git\cmd;C:\Program Files\nodejs\;C:\msys64\mingw64\bin;C:\Program Files\MATLAB\R2022b\bin;C:\Program Files\gs\gs10.01.1\bin;C:\Users\HP\AppData\Local\Microsoft\WindowsApps;C:\Users\HP\AppData\Local\Programs\Microsoft VS Code\bin;C:\Users\HP\AppData\Roaming\npm;C:\Users\HP\.dotnet\tools
USERNAME=HP
OS=Windows_NT
PROCESSOR_IDENTIFIER=AMD64 Family 23 Model 24 Stepping 1, AuthenticAMD
TMP=C:\Users\HP\AppData\Local\Temp
TEMP=C:\Users\HP\AppData\Local\Temp



---------------  S Y S T E M  ---------------

OS:
 Windows 10 , 64 bit Build 19041 (10.0.19041.2913)
OS uptime: 1 days 7:52 hours

CPU: total 8 (initial active 8) (8 cores per cpu, 2 threads per core) family 23 model 24 stepping 1 microcode 0x0, cx8, cmov, fxsr, ht, mmx, 3dnowpref, sse, sse2, sse3, ssse3, sse4a, sse4.1, sse4.2, popcnt, lzcnt, tsc, tscinvbit, avx, avx2, aes, clmul, bmi1, bmi2, adx, sha, fma, vzeroupper, clflush, clflushopt

Memory: 4k page, system-wide physical 6061M (541M free)
TotalPageFile size 24430M (AvailPageFile size 226M)
current process WorkingSet (physical memory assigned to process): 138M, peak: 795M
current process commit charge ("private bytes"): 502M, peak: 1232M

vm_info: OpenJDK 64-Bit Server VM (17.0.7+7) for windows-amd64 JRE (17.0.7+7), built on Apr 18 2023 22:10:42 by "temurin" with MS VC++ 16.7 (VS2019)

END.
